{"meta": {"format": 3, "version": "7.13.4", "timestamp": "2026-02-11T10:45:29.605873", "branch_coverage": false, "show_contexts": false}, "files": {"src/__init__.py": {"executed_lines": [], "summary": {"covered_lines": 0, "num_statements": 0, "percent_covered": 100.0, "percent_covered_display": "100", "missing_lines": 0, "excluded_lines": 0, "percent_statements_covered": 100.0, "percent_statements_covered_display": "100"}, "missing_lines": [], "excluded_lines": [], "functions": {"": {"executed_lines": [], "summary": {"covered_lines": 0, "num_statements": 0, "percent_covered": 100.0, "percent_covered_display": "100", "missing_lines": 0, "excluded_lines": 0, "percent_statements_covered": 100.0, "percent_statements_covered_display": "100"}, "missing_lines": [], "excluded_lines": [], "start_line": 1}}, "classes": {"": {"executed_lines": [], "summary": {"covered_lines": 0, "num_statements": 0, "percent_covered": 100.0, "percent_covered_display": "100", "missing_lines": 0, "excluded_lines": 0, "percent_statements_covered": 100.0, "percent_statements_covered_display": "100"}, "missing_lines": [], "excluded_lines": [], "start_line": 1}}}, "src/agents/__init__.py": {"executed_lines": [], "summary": {"covered_lines": 0, "num_statements": 0, "percent_covered": 100.0, "percent_covered_display": "100", "missing_lines": 0, "excluded_lines": 0, "percent_statements_covered": 100.0, "percent_statements_covered_display": "100"}, "missing_lines": [], "excluded_lines": [], "functions": {"": {"executed_lines": [], "summary": {"covered_lines": 0, "num_statements": 0, "percent_covered": 100.0, "percent_covered_display": "100", "missing_lines": 0, "excluded_lines": 0, "percent_statements_covered": 100.0, "percent_statements_covered_display": "100"}, "missing_lines": [], "excluded_lines": [], "start_line": 1}}, "classes": {"": {"executed_lines": [], "summary": {"covered_lines": 0, "num_statements": 0, "percent_covered": 100.0, "percent_covered_display": "100", "missing_lines": 0, "excluded_lines": 0, "percent_statements_covered": 100.0, "percent_statements_covered_display": "100"}, "missing_lines": [], "excluded_lines": [], "start_line": 1}}}, "src/agents/agent.py": {"executed_lines": [5, 6, 7, 8, 9, 11, 12, 13, 16, 18, 19, 20, 21, 22, 23, 26, 27, 32, 33, 34, 35, 36, 38, 40, 41, 42, 43, 45, 46, 47, 48, 50, 51, 52, 54, 56, 57, 66, 72, 80, 81, 82, 83, 84, 85, 86, 89, 92, 102, 105, 106, 108, 109, 110, 112, 119, 121, 123, 124, 126, 133, 134, 136, 138, 146, 152, 153, 154, 156, 158, 159, 162, 163, 165, 166, 167, 168, 169, 172, 173, 177, 178, 179, 180, 181, 182, 183, 184, 186, 188, 194, 196, 201, 202, 204, 205, 207, 208, 209, 211, 213, 218, 219, 220, 222, 234, 235, 255, 261, 262, 264, 271, 276, 277, 279, 284, 285, 286, 288, 290, 301, 303, 305, 309, 312, 314], "summary": {"covered_lines": 126, "num_statements": 126, "percent_covered": 100.0, "percent_covered_display": "100", "missing_lines": 0, "excluded_lines": 0, "percent_statements_covered": 100.0, "percent_statements_covered_display": "100"}, "missing_lines": [], "excluded_lines": [], "functions": {"CapabilityProfile.can_handle_task": {"executed_lines": [40, 41, 42, 43, 45, 46, 47, 48, 50, 51, 52, 54], "summary": {"covered_lines": 12, "num_statements": 12, "percent_covered": 100.0, "percent_covered_display": "100", "missing_lines": 0, "excluded_lines": 0, "percent_statements_covered": 100.0, "percent_statements_covered_display": "100"}, "missing_lines": [], "excluded_lines": [], "start_line": 38}, "CapabilityProfile.to_dict": {"executed_lines": [57], "summary": {"covered_lines": 1, "num_statements": 1, "percent_covered": 100.0, "percent_covered_display": "100", "missing_lines": 0, "excluded_lines": 0, "percent_statements_covered": 100.0, "percent_statements_covered_display": "100"}, "missing_lines": [], "excluded_lines": [], "start_line": 56}, "Agent.__init__": {"executed_lines": [80, 81, 82, 83, 84, 85, 86, 89, 92], "summary": {"covered_lines": 9, "num_statements": 9, "percent_covered": 100.0, "percent_covered_display": "100", "missing_lines": 0, "excluded_lines": 0, "percent_statements_covered": 100.0, "percent_statements_covered_display": "100"}, "missing_lines": [], "excluded_lines": [], "start_line": 72}, "Agent.assign_task": {"executed_lines": [105, 106, 108, 109, 110, 112, 119], "summary": {"covered_lines": 7, "num_statements": 7, "percent_covered": 100.0, "percent_covered_display": "100", "missing_lines": 0, "excluded_lines": 0, "percent_statements_covered": 100.0, "percent_statements_covered_display": "100"}, "missing_lines": [], "excluded_lines": [], "start_line": 102}, "Agent.complete_task": {"executed_lines": [123, 124, 126, 133, 134], "summary": {"covered_lines": 5, "num_statements": 5, "percent_covered": 100.0, "percent_covered_display": "100", "missing_lines": 0, "excluded_lines": 0, "percent_statements_covered": 100.0, "percent_statements_covered_display": "100"}, "missing_lines": [], "excluded_lines": [], "start_line": 121}, "Agent.perform_action": {"executed_lines": [138], "summary": {"covered_lines": 1, "num_statements": 1, "percent_covered": 100.0, "percent_covered_display": "100", "missing_lines": 0, "excluded_lines": 0, "percent_statements_covered": 100.0, "percent_statements_covered_display": "100"}, "missing_lines": [], "excluded_lines": [], "start_line": 136}, "Manager.__init__": {"executed_lines": [153, 154], "summary": {"covered_lines": 2, "num_statements": 2, "percent_covered": 100.0, "percent_covered_display": "100", "missing_lines": 0, "excluded_lines": 0, "percent_statements_covered": 100.0, "percent_statements_covered_display": "100"}, "missing_lines": [], "excluded_lines": [], "start_line": 152}, "Manager.add_managed_agent": {"executed_lines": [158, 159], "summary": {"covered_lines": 2, "num_statements": 2, "percent_covered": 100.0, "percent_covered_display": "100", "missing_lines": 0, "excluded_lines": 0, "percent_statements_covered": 100.0, "percent_statements_covered_display": "100"}, "missing_lines": [], "excluded_lines": [], "start_line": 156}, "ConsensusDecision.add_vote": {"executed_lines": [188, 194], "summary": {"covered_lines": 2, "num_statements": 2, "percent_covered": 100.0, "percent_covered_display": "100", "missing_lines": 0, "excluded_lines": 0, "percent_statements_covered": 100.0, "percent_statements_covered_display": "100"}, "missing_lines": [], "excluded_lines": [], "start_line": 186}, "ConsensusDecision.calculate_outcome": {"executed_lines": [201, 202, 204, 205, 207, 208, 209, 211], "summary": {"covered_lines": 8, "num_statements": 8, "percent_covered": 100.0, "percent_covered_display": "100", "missing_lines": 0, "excluded_lines": 0, "percent_statements_covered": 100.0, "percent_statements_covered_display": "100"}, "missing_lines": [], "excluded_lines": [], "start_line": 196}, "ConsensusDecision.issue_override": {"executed_lines": [218, 219, 220, 222], "summary": {"covered_lines": 4, "num_statements": 4, "percent_covered": 100.0, "percent_covered_display": "100", "missing_lines": 0, "excluded_lines": 0, "percent_statements_covered": 100.0, "percent_statements_covered_display": "100"}, "missing_lines": [], "excluded_lines": [], "start_line": 213}, "ConsensusDecision.to_dict": {"executed_lines": [235], "summary": {"covered_lines": 1, "num_statements": 1, "percent_covered": 100.0, "percent_covered_display": "100", "missing_lines": 0, "excluded_lines": 0, "percent_statements_covered": 100.0, "percent_statements_covered_display": "100"}, "missing_lines": [], "excluded_lines": [], "start_line": 234}, "ConsensusSystem.__init__": {"executed_lines": [262], "summary": {"covered_lines": 1, "num_statements": 1, "percent_covered": 100.0, "percent_covered_display": "100", "missing_lines": 0, "excluded_lines": 0, "percent_statements_covered": 100.0, "percent_statements_covered_display": "100"}, "missing_lines": [], "excluded_lines": [], "start_line": 261}, "ConsensusSystem.initiate_consensus": {"executed_lines": [271, 276, 277], "summary": {"covered_lines": 3, "num_statements": 3, "percent_covered": 100.0, "percent_covered_display": "100", "missing_lines": 0, "excluded_lines": 0, "percent_statements_covered": 100.0, "percent_statements_covered_display": "100"}, "missing_lines": [], "excluded_lines": [], "start_line": 264}, "ConsensusSystem.finalize_consensus": {"executed_lines": [284, 285, 286, 288, 290, 301], "summary": {"covered_lines": 6, "num_statements": 6, "percent_covered": 100.0, "percent_covered_display": "100", "missing_lines": 0, "excluded_lines": 0, "percent_statements_covered": 100.0, "percent_statements_covered_display": "100"}, "missing_lines": [], "excluded_lines": [], "start_line": 279}, "ConsensusSystem.get_decision": {"executed_lines": [305], "summary": {"covered_lines": 1, "num_statements": 1, "percent_covered": 100.0, "percent_covered_display": "100", "missing_lines": 0, "excluded_lines": 0, "percent_statements_covered": 100.0, "percent_statements_covered_display": "100"}, "missing_lines": [], "excluded_lines": [], "start_line": 303}, "get_consensus_system": {"executed_lines": [314], "summary": {"covered_lines": 1, "num_statements": 1, "percent_covered": 100.0, "percent_covered_display": "100", "missing_lines": 0, "excluded_lines": 0, "percent_statements_covered": 100.0, "percent_statements_covered_display": "100"}, "missing_lines": [], "excluded_lines": [], "start_line": 312}, "": {"executed_lines": [5, 6, 7, 8, 9, 11, 12, 13, 16, 18, 19, 20, 21, 22, 23, 26, 27, 32, 33, 34, 35, 36, 38, 56, 66, 72, 102, 121, 136, 146, 152, 156, 162, 163, 165, 166, 167, 168, 169, 172, 173, 177, 178, 179, 180, 181, 182, 183, 184, 186, 196, 213, 234, 255, 261, 264, 279, 303, 309, 312], "summary": {"covered_lines": 60, "num_statements": 60, "percent_covered": 100.0, "percent_covered_display": "100", "missing_lines": 0, "excluded_lines": 0, "percent_statements_covered": 100.0, "percent_statements_covered_display": "100"}, "missing_lines": [], "excluded_lines": [], "start_line": 1}}, "classes": {"AgentRole": {"executed_lines": [], "summary": {"covered_lines": 0, "num_statements": 0, "percent_covered": 100.0, "percent_covered_display": "100", "missing_lines": 0, "excluded_lines": 0, "percent_statements_covered": 100.0, "percent_statements_covered_display": "100"}, "missing_lines": [], "excluded_lines": [], "start_line": 16}, "CapabilityProfile": {"executed_lines": [40, 41, 42, 43, 45, 46, 47, 48, 50, 51, 52, 54, 57], "summary": {"covered_lines": 13, "num_statements": 13, "percent_covered": 100.0, "percent_covered_display": "100", "missing_lines": 0, "excluded_lines": 0, "percent_statements_covered": 100.0, "percent_statements_covered_display": "100"}, "missing_lines": [], "excluded_lines": [], "start_line": 27}, "Agent": {"executed_lines": [80, 81, 82, 83, 84, 85, 86, 89, 92, 105, 106, 108, 109, 110, 112, 119, 123, 124, 126, 133, 134, 138], "summary": {"covered_lines": 22, "num_statements": 22, "percent_covered": 100.0, "percent_covered_display": "100", "missing_lines": 0, "excluded_lines": 0, "percent_statements_covered": 100.0, "percent_statements_covered_display": "100"}, "missing_lines": [], "excluded_lines": [], "start_line": 66}, "Manager": {"executed_lines": [153, 154, 158, 159], "summary": {"covered_lines": 4, "num_statements": 4, "percent_covered": 100.0, "percent_covered_display": "100", "missing_lines": 0, "excluded_lines": 0, "percent_statements_covered": 100.0, "percent_statements_covered_display": "100"}, "missing_lines": [], "excluded_lines": [], "start_line": 146}, "ConsensusVote": {"executed_lines": [], "summary": {"covered_lines": 0, "num_statements": 0, "percent_covered": 100.0, "percent_covered_display": "100", "missing_lines": 0, "excluded_lines": 0, "percent_statements_covered": 100.0, "percent_statements_covered_display": "100"}, "missing_lines": [], "excluded_lines": [], "start_line": 163}, "ConsensusDecision": {"executed_lines": [188, 194, 201, 202, 204, 205, 207, 208, 209, 211, 218, 219, 220, 222, 235], "summary": {"covered_lines": 15, "num_statements": 15, "percent_covered": 100.0, "percent_covered_display": "100", "missing_lines": 0, "excluded_lines": 0, "percent_statements_covered": 100.0, "percent_statements_covered_display": "100"}, "missing_lines": [], "excluded_lines": [], "start_line": 173}, "ConsensusSystem": {"executed_lines": [262, 271, 276, 277, 284, 285, 286, 288, 290, 301, 305], "summary": {"covered_lines": 11, "num_statements": 11, "percent_covered": 100.0, "percent_covered_display": "100", "missing_lines": 0, "excluded_lines": 0, "percent_statements_covered": 100.0, "percent_statements_covered_display": "100"}, "missing_lines": [], "excluded_lines": [], "start_line": 255}, "": {"executed_lines": [5, 6, 7, 8, 9, 11, 12, 13, 16, 18, 19, 20, 21, 22, 23, 26, 27, 32, 33, 34, 35, 36, 38, 56, 66, 72, 102, 121, 136, 146, 152, 156, 162, 163, 165, 166, 167, 168, 169, 172, 173, 177, 178, 179, 180, 181, 182, 183, 184, 186, 196, 213, 234, 255, 261, 264, 279, 303, 309, 312, 314], "summary": {"covered_lines": 61, "num_statements": 61, "percent_covered": 100.0, "percent_covered_display": "100", "missing_lines": 0, "excluded_lines": 0, "percent_statements_covered": 100.0, "percent_statements_covered_display": "100"}, "missing_lines": [], "excluded_lines": [], "start_line": 1}}}, "src/client/__init__.py": {"executed_lines": [], "summary": {"covered_lines": 0, "num_statements": 0, "percent_covered": 100.0, "percent_covered_display": "100", "missing_lines": 0, "excluded_lines": 0, "percent_statements_covered": 100.0, "percent_statements_covered_display": "100"}, "missing_lines": [], "excluded_lines": [], "functions": {"": {"executed_lines": [], "summary": {"covered_lines": 0, "num_statements": 0, "percent_covered": 100.0, "percent_covered_display": "100", "missing_lines": 0, "excluded_lines": 0, "percent_statements_covered": 100.0, "percent_statements_covered_display": "100"}, "missing_lines": [], "excluded_lines": [], "start_line": 1}}, "classes": {"": {"executed_lines": [], "summary": {"covered_lines": 0, "num_statements": 0, "percent_covered": 100.0, "percent_covered_display": "100", "missing_lines": 0, "excluded_lines": 0, "percent_statements_covered": 100.0, "percent_statements_covered_display": "100"}, "missing_lines": [], "excluded_lines": [], "start_line": 1}}}, "src/core/__init__.py": {"executed_lines": [], "summary": {"covered_lines": 0, "num_statements": 0, "percent_covered": 100.0, "percent_covered_display": "100", "missing_lines": 0, "excluded_lines": 0, "percent_statements_covered": 100.0, "percent_statements_covered_display": "100"}, "missing_lines": [], "excluded_lines": [], "functions": {"": {"executed_lines": [], "summary": {"covered_lines": 0, "num_statements": 0, "percent_covered": 100.0, "percent_covered_display": "100", "missing_lines": 0, "excluded_lines": 0, "percent_statements_covered": 100.0, "percent_statements_covered_display": "100"}, "missing_lines": [], "excluded_lines": [], "start_line": 1}}, "classes": {"": {"executed_lines": [], "summary": {"covered_lines": 0, "num_statements": 0, "percent_covered": 100.0, "percent_covered_display": "100", "missing_lines": 0, "excluded_lines": 0, "percent_statements_covered": 100.0, "percent_statements_covered_display": "100"}, "missing_lines": [], "excluded_lines": [], "start_line": 1}}}, "src/core/audit.py": {"executed_lines": [5, 6, 7, 8, 9, 10, 11, 14, 16, 17, 18, 19, 20, 21, 22, 23, 24, 25, 26, 27, 28, 31, 32, 37, 38, 39, 40, 41, 42, 43, 44, 46, 48, 49, 51, 53, 62, 63, 65, 67, 69, 71, 83, 89, 90, 91, 93, 95, 96, 98, 99, 101, 104, 105, 106, 107, 109, 111, 113, 115, 116, 118, 123, 124, 126, 127, 128, 130, 131, 134, 135, 137, 139, 140, 142, 144, 145, 147, 148, 149, 150, 152, 153, 154, 156, 157, 160, 166, 167, 168, 169, 170, 172, 184, 192, 195, 196, 197, 199, 200, 201, 202, 204, 205, 206, 207, 209, 211, 213, 214, 216, 218, 219, 221, 223, 224, 226, 231, 233, 235, 240, 242, 244, 245, 248, 250, 252, 256, 259, 261], "summary": {"covered_lines": 130, "num_statements": 130, "percent_covered": 100.0, "percent_covered_display": "100", "missing_lines": 0, "excluded_lines": 0, "percent_statements_covered": 100.0, "percent_statements_covered_display": "100"}, "missing_lines": [], "excluded_lines": [], "functions": {"AuditEvent.__post_init__": {"executed_lines": [48, 49], "summary": {"covered_lines": 2, "num_statements": 2, "percent_covered": 100.0, "percent_covered_display": "100", "missing_lines": 0, "excluded_lines": 0, "percent_statements_covered": 100.0, "percent_statements_covered_display": "100"}, "missing_lines": [], "excluded_lines": [], "start_line": 46}, "AuditEvent._calculate_hash": {"executed_lines": [53, 62, 63], "summary": {"covered_lines": 3, "num_statements": 3, "percent_covered": 100.0, "percent_covered_display": "100", "missing_lines": 0, "excluded_lines": 0, "percent_statements_covered": 100.0, "percent_statements_covered_display": "100"}, "missing_lines": [], "excluded_lines": [], "start_line": 51}, "AuditEvent.verify_integrity": {"executed_lines": [67], "summary": {"covered_lines": 1, "num_statements": 1, "percent_covered": 100.0, "percent_covered_display": "100", "missing_lines": 0, "excluded_lines": 0, "percent_statements_covered": 100.0, "percent_statements_covered_display": "100"}, "missing_lines": [], "excluded_lines": [], "start_line": 65}, "AuditEvent.to_dict": {"executed_lines": [71], "summary": {"covered_lines": 1, "num_statements": 1, "percent_covered": 100.0, "percent_covered_display": "100", "missing_lines": 0, "excluded_lines": 0, "percent_statements_covered": 100.0, "percent_statements_covered_display": "100"}, "missing_lines": [], "excluded_lines": [], "start_line": 69}, "CausalityGraph.__init__": {"executed_lines": [90, 91], "summary": {"covered_lines": 2, "num_statements": 2, "percent_covered": 100.0, "percent_covered_display": "100", "missing_lines": 0, "excluded_lines": 0, "percent_statements_covered": 100.0, "percent_statements_covered_display": "100"}, "missing_lines": [], "excluded_lines": [], "start_line": 89}, "CausalityGraph.add_event": {"executed_lines": [95, 96, 98, 99, 101, 104, 105, 106, 107], "summary": {"covered_lines": 9, "num_statements": 9, "percent_covered": 100.0, "percent_covered_display": "100", "missing_lines": 0, "excluded_lines": 0, "percent_statements_covered": 100.0, "percent_statements_covered_display": "100"}, "missing_lines": [], "excluded_lines": [], "start_line": 93}, "CausalityGraph.get_event": {"executed_lines": [111], "summary": {"covered_lines": 1, "num_statements": 1, "percent_covered": 100.0, "percent_covered_display": "100", "missing_lines": 0, "excluded_lines": 0, "percent_statements_covered": 100.0, "percent_statements_covered_display": "100"}, "missing_lines": [], "excluded_lines": [], "start_line": 109}, "CausalityGraph.get_children": {"executed_lines": [115, 116], "summary": {"covered_lines": 2, "num_statements": 2, "percent_covered": 100.0, "percent_covered_display": "100", "missing_lines": 0, "excluded_lines": 0, "percent_statements_covered": 100.0, "percent_statements_covered_display": "100"}, "missing_lines": [], "excluded_lines": [], "start_line": 113}, "CausalityGraph.get_lineage": {"executed_lines": [123, 124, 126, 139, 140], "summary": {"covered_lines": 5, "num_statements": 5, "percent_covered": 100.0, "percent_covered_display": "100", "missing_lines": 0, "excluded_lines": 0, "percent_statements_covered": 100.0, "percent_statements_covered_display": "100"}, "missing_lines": [], "excluded_lines": [], "start_line": 118}, "CausalityGraph.get_lineage.trace_back": {"executed_lines": [127, 128, 130, 131, 134, 135, 137], "summary": {"covered_lines": 7, "num_statements": 7, "percent_covered": 100.0, "percent_covered_display": "100", "missing_lines": 0, "excluded_lines": 0, "percent_statements_covered": 100.0, "percent_statements_covered_display": "100"}, "missing_lines": [], "excluded_lines": [], "start_line": 126}, "CausalityGraph.get_descendants": {"executed_lines": [144, 145, 147, 156, 157], "summary": {"covered_lines": 5, "num_statements": 5, "percent_covered": 100.0, "percent_covered_display": "100", "missing_lines": 0, "excluded_lines": 0, "percent_statements_covered": 100.0, "percent_statements_covered_display": "100"}, "missing_lines": [], "excluded_lines": [], "start_line": 142}, "CausalityGraph.get_descendants.traverse": {"executed_lines": [148, 149, 150, 152, 153, 154], "summary": {"covered_lines": 6, "num_statements": 6, "percent_covered": 100.0, "percent_covered_display": "100", "missing_lines": 0, "excluded_lines": 0, "percent_statements_covered": 100.0, "percent_statements_covered_display": "100"}, "missing_lines": [], "excluded_lines": [], "start_line": 147}, "AuditLog.__init__": {"executed_lines": [167, 168, 169, 170], "summary": {"covered_lines": 4, "num_statements": 4, "percent_covered": 100.0, "percent_covered_display": "100", "missing_lines": 0, "excluded_lines": 0, "percent_statements_covered": 100.0, "percent_statements_covered_display": "100"}, "missing_lines": [], "excluded_lines": [], "start_line": 166}, "AuditLog.log_event": {"executed_lines": [184, 192, 195, 196, 197, 199, 200, 201, 202, 204, 205, 206, 207, 209], "summary": {"covered_lines": 14, "num_statements": 14, "percent_covered": 100.0, "percent_covered_display": "100", "missing_lines": 0, "excluded_lines": 0, "percent_statements_covered": 100.0, "percent_statements_covered_display": "100"}, "missing_lines": [], "excluded_lines": [], "start_line": 172}, "AuditLog.get_events_by_type": {"executed_lines": [213, 214], "summary": {"covered_lines": 2, "num_statements": 2, "percent_covered": 100.0, "percent_covered_display": "100", "missing_lines": 0, "excluded_lines": 0, "percent_statements_covered": 100.0, "percent_statements_covered_display": "100"}, "missing_lines": [], "excluded_lines": [], "start_line": 211}, "AuditLog.get_events_by_actor": {"executed_lines": [218, 219], "summary": {"covered_lines": 2, "num_statements": 2, "percent_covered": 100.0, "percent_covered_display": "100", "missing_lines": 0, "excluded_lines": 0, "percent_statements_covered": 100.0, "percent_statements_covered_display": "100"}, "missing_lines": [], "excluded_lines": [], "start_line": 216}, "AuditLog.get_events_by_target": {"executed_lines": [223, 224], "summary": {"covered_lines": 2, "num_statements": 2, "percent_covered": 100.0, "percent_covered_display": "100", "missing_lines": 0, "excluded_lines": 0, "percent_statements_covered": 100.0, "percent_statements_covered_display": "100"}, "missing_lines": [], "excluded_lines": [], "start_line": 221}, "AuditLog.get_change_lineage": {"executed_lines": [231, 233], "summary": {"covered_lines": 2, "num_statements": 2, "percent_covered": 100.0, "percent_covered_display": "100", "missing_lines": 0, "excluded_lines": 0, "percent_statements_covered": 100.0, "percent_statements_covered_display": "100"}, "missing_lines": [], "excluded_lines": [], "start_line": 226}, "AuditLog.get_events": {"executed_lines": [240, 242, 244, 245, 248], "summary": {"covered_lines": 5, "num_statements": 5, "percent_covered": 100.0, "percent_covered_display": "100", "missing_lines": 0, "excluded_lines": 0, "percent_statements_covered": 100.0, "percent_statements_covered_display": "100"}, "missing_lines": [], "excluded_lines": [], "start_line": 235}, "AuditLog.verify_integrity": {"executed_lines": [252], "summary": {"covered_lines": 1, "num_statements": 1, "percent_covered": 100.0, "percent_covered_display": "100", "missing_lines": 0, "excluded_lines": 0, "percent_statements_covered": 100.0, "percent_statements_covered_display": "100"}, "missing_lines": [], "excluded_lines": [], "start_line": 250}, "get_audit_log": {"executed_lines": [261], "summary": {"covered_lines": 1, "num_statements": 1, "percent_covered": 100.0, "percent_covered_display": "100", "missing_lines": 0, "excluded_lines": 0, "percent_statements_covered": 100.0, "percent_statements_covered_display": "100"}, "missing_lines": [], "excluded_lines": [], "start_line": 259}, "": {"executed_lines": [5, 6, 7, 8, 9, 10, 11, 14, 16, 17, 18, 19, 20, 21, 22, 23, 24, 25, 26, 27, 28, 31, 32, 37, 38, 39, 40, 41, 42, 43, 44, 46, 51, 65, 69, 83, 89, 93, 109, 113, 118, 142, 160, 166, 172, 211, 216, 221, 226, 235, 250, 256, 259], "summary": {"covered_lines": 53, "num_statements": 53, "percent_covered": 100.0, "percent_covered_display": "100", "missing_lines": 0, "excluded_lines": 0, "percent_statements_covered": 100.0, "percent_statements_covered_display": "100"}, "missing_lines": [], "excluded_lines": [], "start_line": 1}}, "classes": {"EventType": {"executed_lines": [], "summary": {"covered_lines": 0, "num_statements": 0, "percent_covered": 100.0, "percent_covered_display": "100", "missing_lines": 0, "excluded_lines": 0, "percent_statements_covered": 100.0, "percent_statements_covered_display": "100"}, "missing_lines": [], "excluded_lines": [], "start_line": 14}, "AuditEvent": {"executed_lines": [48, 49, 53, 62, 63, 67, 71], "summary": {"covered_lines": 7, "num_statements": 7, "percent_covered": 100.0, "percent_covered_display": "100", "missing_lines": 0, "excluded_lines": 0, "percent_statements_covered": 100.0, "percent_statements_covered_display": "100"}, "missing_lines": [], "excluded_lines": [], "start_line": 32}, "CausalityGraph": {"executed_lines": [90, 91, 95, 96, 98, 99, 101, 104, 105, 106, 107, 111, 115, 116, 123, 124, 126, 127, 128, 130, 131, 134, 135, 137, 139, 140, 144, 145, 147, 148, 149, 150, 152, 153, 154, 156, 157], "summary": {"covered_lines": 37, "num_statements": 37, "percent_covered": 100.0, "percent_covered_display": "100", "missing_lines": 0, "excluded_lines": 0, "percent_statements_covered": 100.0, "percent_statements_covered_display": "100"}, "missing_lines": [], "excluded_lines": [], "start_line": 83}, "AuditLog": {"executed_lines": [167, 168, 169, 170, 184, 192, 195, 196, 197, 199, 200, 201, 202, 204, 205, 206, 207, 209, 213, 214, 218, 219, 223, 224, 231, 233, 240, 242, 244, 245, 248, 252], "summary": {"covered_lines": 32, "num_statements": 32, "percent_covered": 100.0, "percent_covered_display": "100", "missing_lines": 0, "excluded_lines": 0, "percent_statements_covered": 100.0, "percent_statements_covered_display": "100"}, "missing_lines": [], "excluded_lines": [], "start_line": 160}, "": {"executed_lines": [5, 6, 7, 8, 9, 10, 11, 14, 16, 17, 18, 19, 20, 21, 22, 23, 24, 25, 26, 27, 28, 31, 32, 37, 38, 39, 40, 41, 42, 43, 44, 46, 51, 65, 69, 83, 89, 93, 109, 113, 118, 142, 160, 166, 172, 211, 216, 221, 226, 235, 250, 256, 259, 261], "summary": {"covered_lines": 54, "num_statements": 54, "percent_covered": 100.0, "percent_covered_display": "100", "missing_lines": 0, "excluded_lines": 0, "percent_statements_covered": 100.0, "percent_statements_covered_display": "100"}, "missing_lines": [], "excluded_lines": [], "start_line": 1}}}, "src/core/canonical_bundle.py": {"executed_lines": [18, 19, 20, 21, 22, 29, 30, 38, 39, 40, 41, 42, 43, 44, 45, 46, 47, 48, 50, 52, 59, 60, 62, 63, 64, 65, 66, 68, 69, 70, 71, 72, 74, 75, 77, 79, 82, 85, 86, 88, 89, 90, 91, 92, 93, 94, 95, 96, 97, 100, 101, 108, 109, 110, 111, 113, 116, 125, 126, 128, 131, 132, 133, 134, 135, 136, 137, 138, 140, 142, 148, 150, 153, 154, 156, 157, 158, 159, 160, 161, 164, 165, 173, 174, 175, 176, 177, 178, 179, 181, 183, 197, 198, 200, 202, 209, 210, 211, 212, 213, 215, 216, 218, 225, 226, 228, 229, 230, 231, 232, 233, 234, 235, 236, 239, 240, 247, 248, 249, 251, 255, 266, 267, 269, 271, 274, 275, 277, 278, 279, 280, 281, 282, 283, 284, 287, 288, 295, 296, 297, 299, 303, 313, 316, 317, 318, 319, 321, 323, 325, 326, 327, 329, 332, 333, 335, 336, 337, 338, 339, 340, 341, 342, 345, 346, 353, 354, 356, 360, 370, 371, 378, 379, 381, 382, 383, 384, 385, 386, 389, 390, 397, 398, 399, 401, 403, 405, 408, 409, 410, 411, 412, 414, 417, 418, 420, 421, 422, 423, 424, 425, 428, 429, 436, 437, 438, 440, 443, 451, 452, 454, 456, 459, 462, 463, 465, 466, 467, 468, 469, 470, 471, 474, 475, 482, 483, 485, 487, 489, 491, 492, 493, 495, 508, 509, 516, 517, 518, 519, 520, 522, 525, 526, 529, 530, 532, 533, 534, 535, 536, 537, 540, 541, 548, 549, 551, 555, 561, 563, 571, 572, 574, 577, 580, 581, 583, 584, 585, 586, 587, 588, 589, 590, 591, 592, 595, 596, 603, 604, 606, 611, 620, 622, 634, 635, 642, 643, 645, 646, 647, 648, 649, 650, 653, 654, 661, 662, 664, 666, 668, 671, 673, 676, 677, 679, 680, 681, 682, 683, 684, 685, 686, 687, 688, 691, 692, 699, 700, 702, 706, 718, 719, 721, 723, 729, 730, 732, 733, 734, 735, 736, 737, 740, 741, 748, 749, 751, 754, 762, 763, 770, 771, 773, 774, 775, 776, 777, 778, 779, 780, 783, 784, 791, 792, 794, 797, 798, 808, 809, 811, 813, 814, 815, 816, 819, 820, 822, 823, 824, 825, 826, 827, 828, 829, 830, 833, 834, 841, 842, 844, 848, 858, 859, 861, 863, 864, 874, 875, 877, 878, 879, 880, 881, 882, 885, 886, 893, 894, 896, 899, 907, 908, 911, 912, 914, 915, 916, 917, 918, 919, 920, 923, 924, 931, 932, 934, 938, 947, 948, 951, 952, 954, 955, 956, 957, 958, 959, 960, 963, 964, 971, 972, 974, 977, 986, 987, 994, 995, 997, 998, 999, 1000, 1001, 1002, 1003, 1006, 1007, 1014, 1015, 1017, 1021, 1030, 1031, 1034, 1035, 1037, 1038, 1039, 1040, 1041, 1044, 1045, 1052, 1053, 1055, 1058, 1065, 1066, 1073, 1074, 1081, 1082, 1083, 1085, 1087, 1093, 1094, 1096, 1100, 1103, 1104, 1106, 1107, 1108, 1109, 1110, 1111, 1114, 1115, 1122, 1123, 1125, 1128, 1136, 1137, 1144, 1145, 1152, 1153, 1154, 1155, 1156, 1157, 1158, 1160, 1162, 1163, 1165, 1166, 1167, 1168, 1169, 1170, 1172, 1174, 1177, 1178, 1179, 1180, 1181, 1184, 1185, 1192, 1193, 1194, 1195, 1196, 1197, 1199, 1202, 1203, 1204, 1206, 1207, 1208, 1209, 1210, 1212, 1219, 1220, 1227, 1228, 1231, 1232, 1233, 1236, 1238, 1241, 1243, 1245, 1247, 1249, 1256, 1257, 1271, 1272, 1273, 1276, 1277, 1278, 1281, 1282, 1283, 1286, 1287, 1288, 1291, 1292, 1293, 1296, 1297, 1298, 1301, 1302, 1305, 1306, 1307, 1310, 1311, 1314, 1315, 1318, 1319, 1322, 1324, 1326, 1329, 1359, 1360, 1361, 1363, 1365, 1367, 1434, 1437, 1439, 1442, 1461, 1468, 1479, 1485, 1491, 1497, 1503, 1509, 1515, 1523, 1528, 1534, 1539, 1544, 1550, 1555, 1561, 1566, 1571, 1577, 1582, 1588, 1594, 1600, 1610, 1620, 1646, 1679, 1683, 1686, 1689, 1690, 1691], "summary": {"covered_lines": 630, "num_statements": 630, "percent_covered": 100.0, "percent_covered_display": "100", "missing_lines": 0, "excluded_lines": 0, "percent_statements_covered": 100.0, "percent_statements_covered_display": "100"}, "missing_lines": [], "excluded_lines": [], "functions": {"CivilizationCharter.to_human_readable": {"executed_lines": [52, 59, 60, 62, 63, 64, 65, 66, 68, 69, 70, 71, 72, 74, 75, 77], "summary": {"covered_lines": 16, "num_statements": 16, "percent_covered": 100.0, "percent_covered_display": "100", "missing_lines": 0, "excluded_lines": 0, "percent_statements_covered": 100.0, "percent_statements_covered_display": "100"}, "missing_lines": [], "excluded_lines": [], "start_line": 50}, "CivilizationCharter.verify_signature": {"executed_lines": [82], "summary": {"covered_lines": 1, "num_statements": 1, "percent_covered": 100.0, "percent_covered_display": "100", "missing_lines": 0, "excluded_lines": 0, "percent_statements_covered": 100.0, "percent_statements_covered_display": "100"}, "missing_lines": [], "excluded_lines": [], "start_line": 79}, "AuthorityRoleLedger.grant_authority": {"executed_lines": [116, 125, 126], "summary": {"covered_lines": 3, "num_statements": 3, "percent_covered": 100.0, "percent_covered_display": "100", "missing_lines": 0, "excluded_lines": 0, "percent_statements_covered": 100.0, "percent_statements_covered_display": "100"}, "missing_lines": [], "excluded_lines": [], "start_line": 113}, "AuthorityRoleLedger.revoke_authority": {"executed_lines": [131, 132, 133, 134, 135, 136, 137, 138], "summary": {"covered_lines": 8, "num_statements": 8, "percent_covered": 100.0, "percent_covered_display": "100", "missing_lines": 0, "excluded_lines": 0, "percent_statements_covered": 100.0, "percent_statements_covered_display": "100"}, "missing_lines": [], "excluded_lines": [], "start_line": 128}, "AuthorityRoleLedger.get_active_authorities": {"executed_lines": [142], "summary": {"covered_lines": 1, "num_statements": 1, "percent_covered": 100.0, "percent_covered_display": "100", "missing_lines": 0, "excluded_lines": 0, "percent_statements_covered": 100.0, "percent_statements_covered_display": "100"}, "missing_lines": [], "excluded_lines": [], "start_line": 140}, "AuthorityRoleLedger.has_authority": {"executed_lines": [150], "summary": {"covered_lines": 1, "num_statements": 1, "percent_covered": 100.0, "percent_covered_display": "100", "missing_lines": 0, "excluded_lines": 0, "percent_statements_covered": 100.0, "percent_statements_covered_display": "100"}, "missing_lines": [], "excluded_lines": [], "start_line": 148}, "PurposeLockAttestation.verify_purpose_lock": {"executed_lines": [183, 197, 198], "summary": {"covered_lines": 3, "num_statements": 3, "percent_covered": 100.0, "percent_covered_display": "100", "missing_lines": 0, "excluded_lines": 0, "percent_statements_covered": 100.0, "percent_statements_covered_display": "100"}, "missing_lines": [], "excluded_lines": [], "start_line": 181}, "PurposeLockAttestation.generate_attestation_report": {"executed_lines": [202, 209, 210, 211, 212, 213, 215, 216, 218], "summary": {"covered_lines": 9, "num_statements": 9, "percent_covered": 100.0, "percent_covered_display": "100", "missing_lines": 0, "excluded_lines": 0, "percent_statements_covered": 100.0, "percent_statements_covered_display": "100"}, "missing_lines": [], "excluded_lines": [], "start_line": 200}, "BoardResolutionArchive.record_resolution": {"executed_lines": [255, 266, 267], "summary": {"covered_lines": 3, "num_statements": 3, "percent_covered": 100.0, "percent_covered_display": "100", "missing_lines": 0, "excluded_lines": 0, "percent_statements_covered": 100.0, "percent_statements_covered_display": "100"}, "missing_lines": [], "excluded_lines": [], "start_line": 251}, "BoardResolutionArchive.get_resolutions_for_directive": {"executed_lines": [271], "summary": {"covered_lines": 1, "num_statements": 1, "percent_covered": 100.0, "percent_covered_display": "100", "missing_lines": 0, "excluded_lines": 0, "percent_statements_covered": 100.0, "percent_statements_covered_display": "100"}, "missing_lines": [], "excluded_lines": [], "start_line": 269}, "DirectivePrecedentCorpus.add_precedent": {"executed_lines": [303, 313, 316, 317, 318, 319, 321], "summary": {"covered_lines": 7, "num_statements": 7, "percent_covered": 100.0, "percent_covered_display": "100", "missing_lines": 0, "excluded_lines": 0, "percent_statements_covered": 100.0, "percent_statements_covered_display": "100"}, "missing_lines": [], "excluded_lines": [], "start_line": 299}, "DirectivePrecedentCorpus.search_precedents": {"executed_lines": [325, 326, 327, 329], "summary": {"covered_lines": 4, "num_statements": 4, "percent_covered": 100.0, "percent_covered_display": "100", "missing_lines": 0, "excluded_lines": 0, "percent_statements_covered": 100.0, "percent_statements_covered_display": "100"}, "missing_lines": [], "excluded_lines": [], "start_line": 323}, "MetaOfficeRulingsLedger.record_ruling": {"executed_lines": [360, 370, 371], "summary": {"covered_lines": 3, "num_statements": 3, "percent_covered": 100.0, "percent_covered_display": "100", "missing_lines": 0, "excluded_lines": 0, "percent_statements_covered": 100.0, "percent_statements_covered_display": "100"}, "missing_lines": [], "excluded_lines": [], "start_line": 356}, "LawFailureResponseMatrix.get_response": {"executed_lines": [403], "summary": {"covered_lines": 1, "num_statements": 1, "percent_covered": 100.0, "percent_covered_display": "100", "missing_lines": 0, "excluded_lines": 0, "percent_statements_covered": 100.0, "percent_statements_covered_display": "100"}, "missing_lines": [], "excluded_lines": [], "start_line": 401}, "LawFailureResponseMatrix.verify_completeness": {"executed_lines": [408, 409, 410, 411, 412, 414], "summary": {"covered_lines": 6, "num_statements": 6, "percent_covered": 100.0, "percent_covered_display": "100", "missing_lines": 0, "excluded_lines": 0, "percent_statements_covered": 100.0, "percent_statements_covered_display": "100"}, "missing_lines": [], "excluded_lines": [], "start_line": 405}, "FormalLawVerificationModels.add_invariant": {"executed_lines": [443, 451, 452], "summary": {"covered_lines": 3, "num_statements": 3, "percent_covered": 100.0, "percent_covered_display": "100", "missing_lines": 0, "excluded_lines": 0, "percent_statements_covered": 100.0, "percent_statements_covered_display": "100"}, "missing_lines": [], "excluded_lines": [], "start_line": 440}, "FormalLawVerificationModels.verify_all_invariants": {"executed_lines": [456, 459], "summary": {"covered_lines": 2, "num_statements": 2, "percent_covered": 100.0, "percent_covered_display": "100", "missing_lines": 0, "excluded_lines": 0, "percent_statements_covered": 100.0, "percent_statements_covered_display": "100"}, "missing_lines": [], "excluded_lines": [], "start_line": 454}, "InvariantViolationPlaybooks.get_playbook": {"executed_lines": [487], "summary": {"covered_lines": 1, "num_statements": 1, "percent_covered": 100.0, "percent_covered_display": "100", "missing_lines": 0, "excluded_lines": 0, "percent_statements_covered": 100.0, "percent_statements_covered_display": "100"}, "missing_lines": [], "excluded_lines": [], "start_line": 485}, "InvariantViolationPlaybooks.execute_playbook": {"executed_lines": [491, 492, 493, 495], "summary": {"covered_lines": 4, "num_statements": 4, "percent_covered": 100.0, "percent_covered_display": "100", "missing_lines": 0, "excluded_lines": 0, "percent_statements_covered": 100.0, "percent_statements_covered_display": "100"}, "missing_lines": [], "excluded_lines": [], "start_line": 489}, "CanonicalExecutionKernel.verify_conformance": {"executed_lines": [525, 526], "summary": {"covered_lines": 2, "num_statements": 2, "percent_covered": 100.0, "percent_covered_display": "100", "missing_lines": 0, "excluded_lines": 0, "percent_statements_covered": 100.0, "percent_statements_covered_display": "100"}, "missing_lines": [], "excluded_lines": [], "start_line": 522}, "SimulationTraceCorpus.add_trace": {"executed_lines": [555, 561, 563, 571, 572], "summary": {"covered_lines": 5, "num_statements": 5, "percent_covered": 100.0, "percent_covered_display": "100", "missing_lines": 0, "excluded_lines": 0, "percent_statements_covered": 100.0, "percent_statements_covered_display": "100"}, "missing_lines": [], "excluded_lines": [], "start_line": 551}, "SimulationTraceCorpus.replay_trace": {"executed_lines": [577], "summary": {"covered_lines": 1, "num_statements": 1, "percent_covered": 100.0, "percent_covered_display": "100", "missing_lines": 0, "excluded_lines": 0, "percent_statements_covered": 100.0, "percent_statements_covered_display": "100"}, "missing_lines": [], "excluded_lines": [], "start_line": 574}, "ReproducibilityPackets.create_packet": {"executed_lines": [611, 620, 622, 634, 635], "summary": {"covered_lines": 5, "num_statements": 5, "percent_covered": 100.0, "percent_covered_display": "100", "missing_lines": 0, "excluded_lines": 0, "percent_statements_covered": 100.0, "percent_statements_covered_display": "100"}, "missing_lines": [], "excluded_lines": [], "start_line": 606}, "FloorRuntimeProfiles.get_profile": {"executed_lines": [666], "summary": {"covered_lines": 1, "num_statements": 1, "percent_covered": 100.0, "percent_covered_display": "100", "missing_lines": 0, "excluded_lines": 0, "percent_statements_covered": 100.0, "percent_statements_covered_display": "100"}, "missing_lines": [], "excluded_lines": [], "start_line": 664}, "FloorRuntimeProfiles.verify_uniformity": {"executed_lines": [671, 673], "summary": {"covered_lines": 2, "num_statements": 2, "percent_covered": 100.0, "percent_covered_display": "100", "missing_lines": 0, "excluded_lines": 0, "percent_statements_covered": 100.0, "percent_statements_covered_display": "100"}, "missing_lines": [], "excluded_lines": [], "start_line": 668}, "CrossFloorContractRegistry.register_contract": {"executed_lines": [706, 718, 719], "summary": {"covered_lines": 3, "num_statements": 3, "percent_covered": 100.0, "percent_covered_display": "100", "missing_lines": 0, "excluded_lines": 0, "percent_statements_covered": 100.0, "percent_statements_covered_display": "100"}, "missing_lines": [], "excluded_lines": [], "start_line": 702}, "CrossFloorContractRegistry.get_active_contracts": {"executed_lines": [723], "summary": {"covered_lines": 1, "num_statements": 1, "percent_covered": 100.0, "percent_covered_display": "100", "missing_lines": 0, "excluded_lines": 0, "percent_statements_covered": 100.0, "percent_statements_covered_display": "100"}, "missing_lines": [], "excluded_lines": [], "start_line": 721}, "ContractDriftReports.detect_drift": {"executed_lines": [754, 762, 763], "summary": {"covered_lines": 3, "num_statements": 3, "percent_covered": 100.0, "percent_covered_display": "100", "missing_lines": 0, "excluded_lines": 0, "percent_statements_covered": 100.0, "percent_statements_covered_display": "100"}, "missing_lines": [], "excluded_lines": [], "start_line": 751}, "ToolProvenanceTrustLedger.register_tool": {"executed_lines": [797, 798, 808, 809], "summary": {"covered_lines": 4, "num_statements": 4, "percent_covered": 100.0, "percent_covered_display": "100", "missing_lines": 0, "excluded_lines": 0, "percent_statements_covered": 100.0, "percent_statements_covered_display": "100"}, "missing_lines": [], "excluded_lines": [], "start_line": 794}, "ToolProvenanceTrustLedger.verify_tool_integrity": {"executed_lines": [813, 814, 815, 816], "summary": {"covered_lines": 4, "num_statements": 4, "percent_covered": 100.0, "percent_covered_display": "100", "missing_lines": 0, "excluded_lines": 0, "percent_statements_covered": 100.0, "percent_statements_covered_display": "100"}, "missing_lines": [], "excluded_lines": [], "start_line": 811}, "UnsafeCapabilityExceptionRecords.grant_exception": {"executed_lines": [848, 858, 859], "summary": {"covered_lines": 3, "num_statements": 3, "percent_covered": 100.0, "percent_covered_display": "100", "missing_lines": 0, "excluded_lines": 0, "percent_statements_covered": 100.0, "percent_statements_covered_display": "100"}, "missing_lines": [], "excluded_lines": [], "start_line": 844}, "UnsafeCapabilityExceptionRecords.get_active_exceptions": {"executed_lines": [863, 864], "summary": {"covered_lines": 2, "num_statements": 2, "percent_covered": 100.0, "percent_covered_display": "100", "missing_lines": 0, "excluded_lines": 0, "percent_statements_covered": 100.0, "percent_statements_covered_display": "100"}, "missing_lines": [], "excluded_lines": [], "start_line": 861}, "ConsigliereInteractionLogs.log_interaction": {"executed_lines": [899, 907, 908], "summary": {"covered_lines": 3, "num_statements": 3, "percent_covered": 100.0, "percent_covered_display": "100", "missing_lines": 0, "excluded_lines": 0, "percent_statements_covered": 100.0, "percent_statements_covered_display": "100"}, "missing_lines": [], "excluded_lines": [], "start_line": 896}, "SecurityDecisionDossiers.record_decision": {"executed_lines": [938, 947, 948], "summary": {"covered_lines": 3, "num_statements": 3, "percent_covered": 100.0, "percent_covered_display": "100", "missing_lines": 0, "excluded_lines": 0, "percent_statements_covered": 100.0, "percent_statements_covered_display": "100"}, "missing_lines": [], "excluded_lines": [], "start_line": 934}, "OverrideCostLedger.record_override": {"executed_lines": [977, 986, 987], "summary": {"covered_lines": 3, "num_statements": 3, "percent_covered": 100.0, "percent_covered_display": "100", "missing_lines": 0, "excluded_lines": 0, "percent_statements_covered": 100.0, "percent_statements_covered_display": "100"}, "missing_lines": [], "excluded_lines": [], "start_line": 974}, "ConstitutionalAmendmentRegistry.propose_amendment": {"executed_lines": [1021, 1030, 1031], "summary": {"covered_lines": 3, "num_statements": 3, "percent_covered": 100.0, "percent_covered_display": "100", "missing_lines": 0, "excluded_lines": 0, "percent_statements_covered": 100.0, "percent_statements_covered_display": "100"}, "missing_lines": [], "excluded_lines": [], "start_line": 1017}, "DormantRejectedProposalArchive.archive_proposal": {"executed_lines": [1058, 1065, 1066], "summary": {"covered_lines": 3, "num_statements": 3, "percent_covered": 100.0, "percent_covered_display": "100", "missing_lines": 0, "excluded_lines": 0, "percent_statements_covered": 100.0, "percent_statements_covered_display": "100"}, "missing_lines": [], "excluded_lines": [], "start_line": 1055}, "IndependentAuditInterface.grant_audit_access": {"executed_lines": [1087, 1093, 1094], "summary": {"covered_lines": 3, "num_statements": 3, "percent_covered": 100.0, "percent_covered_display": "100", "missing_lines": 0, "excluded_lines": 0, "percent_statements_covered": 100.0, "percent_statements_covered_display": "100"}, "missing_lines": [], "excluded_lines": [], "start_line": 1085}, "IndependentAuditInterface.get_artifact": {"executed_lines": [1100], "summary": {"covered_lines": 1, "num_statements": 1, "percent_covered": 100.0, "percent_covered_display": "100", "missing_lines": 0, "excluded_lines": 0, "percent_statements_covered": 100.0, "percent_statements_covered_display": "100"}, "missing_lines": [], "excluded_lines": [], "start_line": 1096}, "ComplianceCertificationReports.generate_report": {"executed_lines": [1128, 1136, 1137], "summary": {"covered_lines": 3, "num_statements": 3, "percent_covered": 100.0, "percent_covered_display": "100", "missing_lines": 0, "excluded_lines": 0, "percent_statements_covered": 100.0, "percent_statements_covered_display": "100"}, "missing_lines": [], "excluded_lines": [], "start_line": 1125}, "CivilizationFreezeProtocol.freeze": {"executed_lines": [1162, 1163, 1165, 1166, 1167, 1168, 1169, 1170, 1172], "summary": {"covered_lines": 9, "num_statements": 9, "percent_covered": 100.0, "percent_covered_display": "100", "missing_lines": 0, "excluded_lines": 0, "percent_statements_covered": 100.0, "percent_statements_covered_display": "100"}, "missing_lines": [], "excluded_lines": [], "start_line": 1160}, "CivilizationFreezeProtocol.unfreeze": {"executed_lines": [1177, 1178, 1179, 1180, 1181], "summary": {"covered_lines": 5, "num_statements": 5, "percent_covered": 100.0, "percent_covered_display": "100", "missing_lines": 0, "excluded_lines": 0, "percent_statements_covered": 100.0, "percent_statements_covered_display": "100"}, "missing_lines": [], "excluded_lines": [], "start_line": 1174}, "CivilizationShutdownSuccession.shutdown": {"executed_lines": [1202, 1203, 1204, 1206, 1207, 1208, 1209, 1210, 1212], "summary": {"covered_lines": 9, "num_statements": 9, "percent_covered": 100.0, "percent_covered_display": "100", "missing_lines": 0, "excluded_lines": 0, "percent_statements_covered": 100.0, "percent_statements_covered_display": "100"}, "missing_lines": [], "excluded_lines": [], "start_line": 1199}, "SuccessFailureMetricsCanon.evaluate_correctness": {"executed_lines": [1241], "summary": {"covered_lines": 1, "num_statements": 1, "percent_covered": 100.0, "percent_covered_display": "100", "missing_lines": 0, "excluded_lines": 0, "percent_statements_covered": 100.0, "percent_statements_covered_display": "100"}, "missing_lines": [], "excluded_lines": [], "start_line": 1238}, "SuccessFailureMetricsCanon.evaluate_completeness": {"executed_lines": [1245], "summary": {"covered_lines": 1, "num_statements": 1, "percent_covered": 100.0, "percent_covered_display": "100", "missing_lines": 0, "excluded_lines": 0, "percent_statements_covered": 100.0, "percent_statements_covered_display": "100"}, "missing_lines": [], "excluded_lines": [], "start_line": 1243}, "SuccessFailureMetricsCanon.evaluate_trustworthiness": {"executed_lines": [1249], "summary": {"covered_lines": 1, "num_statements": 1, "percent_covered": 100.0, "percent_covered_display": "100", "missing_lines": 0, "excluded_lines": 0, "percent_statements_covered": 100.0, "percent_statements_covered_display": "100"}, "missing_lines": [], "excluded_lines": [], "start_line": 1247}, "NonDesignCanonicalBundle.verify_bundle_completeness": {"executed_lines": [1326, 1329, 1359, 1360, 1361, 1363], "summary": {"covered_lines": 6, "num_statements": 6, "percent_covered": 100.0, "percent_covered_display": "100", "missing_lines": 0, "excluded_lines": 0, "percent_statements_covered": 100.0, "percent_statements_covered_display": "100"}, "missing_lines": [], "excluded_lines": [], "start_line": 1324}, "NonDesignCanonicalBundle.generate_bundle_report": {"executed_lines": [1367, 1434], "summary": {"covered_lines": 2, "num_statements": 2, "percent_covered": 100.0, "percent_covered_display": "100", "missing_lines": 0, "excluded_lines": 0, "percent_statements_covered": 100.0, "percent_statements_covered_display": "100"}, "missing_lines": [], "excluded_lines": [], "start_line": 1365}, "create_canonical_bundle": {"executed_lines": [1439, 1442, 1461, 1468, 1479, 1485, 1491, 1497, 1503, 1509, 1515, 1523, 1528, 1534, 1539, 1544, 1550, 1555, 1561, 1566, 1571, 1577, 1582, 1588, 1594, 1600, 1610, 1620, 1646, 1679], "summary": {"covered_lines": 30, "num_statements": 30, "percent_covered": 100.0, "percent_covered_display": "100", "missing_lines": 0, "excluded_lines": 0, "percent_statements_covered": 100.0, "percent_statements_covered_display": "100"}, "missing_lines": [], "excluded_lines": [], "start_line": 1437}, "get_canonical_bundle": {"executed_lines": [1689, 1690, 1691], "summary": {"covered_lines": 3, "num_statements": 3, "percent_covered": 100.0, "percent_covered_display": "100", "missing_lines": 0, "excluded_lines": 0, "percent_statements_covered": 100.0, "percent_statements_covered_display": "100"}, "missing_lines": [], "excluded_lines": [], "start_line": 1686}, "": {"executed_lines": [18, 19, 20, 21, 22, 29, 30, 38, 39, 40, 41, 42, 43, 44, 45, 46, 47, 48, 50, 79, 85, 86, 88, 89, 90, 91, 92, 93, 94, 95, 96, 97, 100, 101, 108, 109, 110, 111, 113, 128, 140, 148, 153, 154, 156, 157, 158, 159, 160, 161, 164, 165, 173, 174, 175, 176, 177, 178, 179, 181, 200, 225, 226, 228, 229, 230, 231, 232, 233, 234, 235, 236, 239, 240, 247, 248, 249, 251, 269, 274, 275, 277, 278, 279, 280, 281, 282, 283, 284, 287, 288, 295, 296, 297, 299, 323, 332, 333, 335, 336, 337, 338, 339, 340, 341, 342, 345, 346, 353, 354, 356, 378, 379, 381, 382, 383, 384, 385, 386, 389, 390, 397, 398, 399, 401, 405, 417, 418, 420, 421, 422, 423, 424, 425, 428, 429, 436, 437, 438, 440, 454, 462, 463, 465, 466, 467, 468, 469, 470, 471, 474, 475, 482, 483, 485, 489, 508, 509, 516, 517, 518, 519, 520, 522, 529, 530, 532, 533, 534, 535, 536, 537, 540, 541, 548, 549, 551, 574, 580, 581, 583, 584, 585, 586, 587, 588, 589, 590, 591, 592, 595, 596, 603, 604, 606, 642, 643, 645, 646, 647, 648, 649, 650, 653, 654, 661, 662, 664, 668, 676, 677, 679, 680, 681, 682, 683, 684, 685, 686, 687, 688, 691, 692, 699, 700, 702, 721, 729, 730, 732, 733, 734, 735, 736, 737, 740, 741, 748, 749, 751, 770, 771, 773, 774, 775, 776, 777, 778, 779, 780, 783, 784, 791, 792, 794, 811, 819, 820, 822, 823, 824, 825, 826, 827, 828, 829, 830, 833, 834, 841, 842, 844, 861, 874, 875, 877, 878, 879, 880, 881, 882, 885, 886, 893, 894, 896, 911, 912, 914, 915, 916, 917, 918, 919, 920, 923, 924, 931, 932, 934, 951, 952, 954, 955, 956, 957, 958, 959, 960, 963, 964, 971, 972, 974, 994, 995, 997, 998, 999, 1000, 1001, 1002, 1003, 1006, 1007, 1014, 1015, 1017, 1034, 1035, 1037, 1038, 1039, 1040, 1041, 1044, 1045, 1052, 1053, 1055, 1073, 1074, 1081, 1082, 1083, 1085, 1096, 1103, 1104, 1106, 1107, 1108, 1109, 1110, 1111, 1114, 1115, 1122, 1123, 1125, 1144, 1145, 1152, 1153, 1154, 1155, 1156, 1157, 1158, 1160, 1174, 1184, 1185, 1192, 1193, 1194, 1195, 1196, 1197, 1199, 1219, 1220, 1227, 1228, 1231, 1232, 1233, 1236, 1238, 1243, 1247, 1256, 1257, 1271, 1272, 1273, 1276, 1277, 1278, 1281, 1282, 1283, 1286, 1287, 1288, 1291, 1292, 1293, 1296, 1297, 1298, 1301, 1302, 1305, 1306, 1307, 1310, 1311, 1314, 1315, 1318, 1319, 1322, 1324, 1365, 1437, 1683, 1686], "summary": {"covered_lines": 428, "num_statements": 428, "percent_covered": 100.0, "percent_covered_display": "100", "missing_lines": 0, "excluded_lines": 0, "percent_statements_covered": 100.0, "percent_statements_covered_display": "100"}, "missing_lines": [], "excluded_lines": [], "start_line": 1}}, "classes": {"CivilizationCharter": {"executed_lines": [52, 59, 60, 62, 63, 64, 65, 66, 68, 69, 70, 71, 72, 74, 75, 77, 82], "summary": {"covered_lines": 17, "num_statements": 17, "percent_covered": 100.0, "percent_covered_display": "100", "missing_lines": 0, "excluded_lines": 0, "percent_statements_covered": 100.0, "percent_statements_covered_display": "100"}, "missing_lines": [], "excluded_lines": [], "start_line": 30}, "AuthorityGrant": {"executed_lines": [], "summary": {"covered_lines": 0, "num_statements": 0, "percent_covered": 100.0, "percent_covered_display": "100", "missing_lines": 0, "excluded_lines": 0, "percent_statements_covered": 100.0, "percent_statements_covered_display": "100"}, "missing_lines": [], "excluded_lines": [], "start_line": 86}, "AuthorityRoleLedger": {"executed_lines": [116, 125, 126, 131, 132, 133, 134, 135, 136, 137, 138, 142, 150], "summary": {"covered_lines": 13, "num_statements": 13, "percent_covered": 100.0, "percent_covered_display": "100", "missing_lines": 0, "excluded_lines": 0, "percent_statements_covered": 100.0, "percent_statements_covered_display": "100"}, "missing_lines": [], "excluded_lines": [], "start_line": 101}, "PurposeLockCheck": {"executed_lines": [], "summary": {"covered_lines": 0, "num_statements": 0, "percent_covered": 100.0, "percent_covered_display": "100", "missing_lines": 0, "excluded_lines": 0, "percent_statements_covered": 100.0, "percent_statements_covered_display": "100"}, "missing_lines": [], "excluded_lines": [], "start_line": 154}, "PurposeLockAttestation": {"executed_lines": [183, 197, 198, 202, 209, 210, 211, 212, 213, 215, 216, 218], "summary": {"covered_lines": 12, "num_statements": 12, "percent_covered": 100.0, "percent_covered_display": "100", "missing_lines": 0, "excluded_lines": 0, "percent_statements_covered": 100.0, "percent_statements_covered_display": "100"}, "missing_lines": [], "excluded_lines": [], "start_line": 165}, "BoardResolution": {"executed_lines": [], "summary": {"covered_lines": 0, "num_statements": 0, "percent_covered": 100.0, "percent_covered_display": "100", "missing_lines": 0, "excluded_lines": 0, "percent_statements_covered": 100.0, "percent_statements_covered_display": "100"}, "missing_lines": [], "excluded_lines": [], "start_line": 226}, "BoardResolutionArchive": {"executed_lines": [255, 266, 267, 271], "summary": {"covered_lines": 4, "num_statements": 4, "percent_covered": 100.0, "percent_covered_display": "100", "missing_lines": 0, "excluded_lines": 0, "percent_statements_covered": 100.0, "percent_statements_covered_display": "100"}, "missing_lines": [], "excluded_lines": [], "start_line": 240}, "DirectivePrecedent": {"executed_lines": [], "summary": {"covered_lines": 0, "num_statements": 0, "percent_covered": 100.0, "percent_covered_display": "100", "missing_lines": 0, "excluded_lines": 0, "percent_statements_covered": 100.0, "percent_statements_covered_display": "100"}, "missing_lines": [], "excluded_lines": [], "start_line": 275}, "DirectivePrecedentCorpus": {"executed_lines": [303, 313, 316, 317, 318, 319, 321, 325, 326, 327, 329], "summary": {"covered_lines": 11, "num_statements": 11, "percent_covered": 100.0, "percent_covered_display": "100", "missing_lines": 0, "excluded_lines": 0, "percent_statements_covered": 100.0, "percent_statements_covered_display": "100"}, "missing_lines": [], "excluded_lines": [], "start_line": 288}, "MetaOfficeRuling": {"executed_lines": [], "summary": {"covered_lines": 0, "num_statements": 0, "percent_covered": 100.0, "percent_covered_display": "100", "missing_lines": 0, "excluded_lines": 0, "percent_statements_covered": 100.0, "percent_statements_covered_display": "100"}, "missing_lines": [], "excluded_lines": [], "start_line": 333}, "MetaOfficeRulingsLedger": {"executed_lines": [360, 370, 371], "summary": {"covered_lines": 3, "num_statements": 3, "percent_covered": 100.0, "percent_covered_display": "100", "missing_lines": 0, "excluded_lines": 0, "percent_statements_covered": 100.0, "percent_statements_covered_display": "100"}, "missing_lines": [], "excluded_lines": [], "start_line": 346}, "FailureResponse": {"executed_lines": [], "summary": {"covered_lines": 0, "num_statements": 0, "percent_covered": 100.0, "percent_covered_display": "100", "missing_lines": 0, "excluded_lines": 0, "percent_statements_covered": 100.0, "percent_statements_covered_display": "100"}, "missing_lines": [], "excluded_lines": [], "start_line": 379}, "LawFailureResponseMatrix": {"executed_lines": [403, 408, 409, 410, 411, 412, 414], "summary": {"covered_lines": 7, "num_statements": 7, "percent_covered": 100.0, "percent_covered_display": "100", "missing_lines": 0, "excluded_lines": 0, "percent_statements_covered": 100.0, "percent_statements_covered_display": "100"}, "missing_lines": [], "excluded_lines": [], "start_line": 390}, "FormalInvariant": {"executed_lines": [], "summary": {"covered_lines": 0, "num_statements": 0, "percent_covered": 100.0, "percent_covered_display": "100", "missing_lines": 0, "excluded_lines": 0, "percent_statements_covered": 100.0, "percent_statements_covered_display": "100"}, "missing_lines": [], "excluded_lines": [], "start_line": 418}, "FormalLawVerificationModels": {"executed_lines": [443, 451, 452, 456, 459], "summary": {"covered_lines": 5, "num_statements": 5, "percent_covered": 100.0, "percent_covered_display": "100", "missing_lines": 0, "excluded_lines": 0, "percent_statements_covered": 100.0, "percent_statements_covered_display": "100"}, "missing_lines": [], "excluded_lines": [], "start_line": 429}, "ViolationPlaybook": {"executed_lines": [], "summary": {"covered_lines": 0, "num_statements": 0, "percent_covered": 100.0, "percent_covered_display": "100", "missing_lines": 0, "excluded_lines": 0, "percent_statements_covered": 100.0, "percent_statements_covered_display": "100"}, "missing_lines": [], "excluded_lines": [], "start_line": 463}, "InvariantViolationPlaybooks": {"executed_lines": [487, 491, 492, 493, 495], "summary": {"covered_lines": 5, "num_statements": 5, "percent_covered": 100.0, "percent_covered_display": "100", "missing_lines": 0, "excluded_lines": 0, "percent_statements_covered": 100.0, "percent_statements_covered_display": "100"}, "missing_lines": [], "excluded_lines": [], "start_line": 475}, "CanonicalExecutionKernel": {"executed_lines": [525, 526], "summary": {"covered_lines": 2, "num_statements": 2, "percent_covered": 100.0, "percent_covered_display": "100", "missing_lines": 0, "excluded_lines": 0, "percent_statements_covered": 100.0, "percent_statements_covered_display": "100"}, "missing_lines": [], "excluded_lines": [], "start_line": 509}, "SimulationTrace": {"executed_lines": [], "summary": {"covered_lines": 0, "num_statements": 0, "percent_covered": 100.0, "percent_covered_display": "100", "missing_lines": 0, "excluded_lines": 0, "percent_statements_covered": 100.0, "percent_statements_covered_display": "100"}, "missing_lines": [], "excluded_lines": [], "start_line": 530}, "SimulationTraceCorpus": {"executed_lines": [555, 561, 563, 571, 572, 577], "summary": {"covered_lines": 6, "num_statements": 6, "percent_covered": 100.0, "percent_covered_display": "100", "missing_lines": 0, "excluded_lines": 0, "percent_statements_covered": 100.0, "percent_statements_covered_display": "100"}, "missing_lines": [], "excluded_lines": [], "start_line": 541}, "ReproducibilityPacket": {"executed_lines": [], "summary": {"covered_lines": 0, "num_statements": 0, "percent_covered": 100.0, "percent_covered_display": "100", "missing_lines": 0, "excluded_lines": 0, "percent_statements_covered": 100.0, "percent_statements_covered_display": "100"}, "missing_lines": [], "excluded_lines": [], "start_line": 581}, "ReproducibilityPackets": {"executed_lines": [611, 620, 622, 634, 635], "summary": {"covered_lines": 5, "num_statements": 5, "percent_covered": 100.0, "percent_covered_display": "100", "missing_lines": 0, "excluded_lines": 0, "percent_statements_covered": 100.0, "percent_statements_covered_display": "100"}, "missing_lines": [], "excluded_lines": [], "start_line": 596}, "FloorRuntimeProfile": {"executed_lines": [], "summary": {"covered_lines": 0, "num_statements": 0, "percent_covered": 100.0, "percent_covered_display": "100", "missing_lines": 0, "excluded_lines": 0, "percent_statements_covered": 100.0, "percent_statements_covered_display": "100"}, "missing_lines": [], "excluded_lines": [], "start_line": 643}, "FloorRuntimeProfiles": {"executed_lines": [666, 671, 673], "summary": {"covered_lines": 3, "num_statements": 3, "percent_covered": 100.0, "percent_covered_display": "100", "missing_lines": 0, "excluded_lines": 0, "percent_statements_covered": 100.0, "percent_statements_covered_display": "100"}, "missing_lines": [], "excluded_lines": [], "start_line": 654}, "CrossFloorContract": {"executed_lines": [], "summary": {"covered_lines": 0, "num_statements": 0, "percent_covered": 100.0, "percent_covered_display": "100", "missing_lines": 0, "excluded_lines": 0, "percent_statements_covered": 100.0, "percent_statements_covered_display": "100"}, "missing_lines": [], "excluded_lines": [], "start_line": 677}, "CrossFloorContractRegistry": {"executed_lines": [706, 718, 719, 723], "summary": {"covered_lines": 4, "num_statements": 4, "percent_covered": 100.0, "percent_covered_display": "100", "missing_lines": 0, "excluded_lines": 0, "percent_statements_covered": 100.0, "percent_statements_covered_display": "100"}, "missing_lines": [], "excluded_lines": [], "start_line": 692}, "ContractDriftReport": {"executed_lines": [], "summary": {"covered_lines": 0, "num_statements": 0, "percent_covered": 100.0, "percent_covered_display": "100", "missing_lines": 0, "excluded_lines": 0, "percent_statements_covered": 100.0, "percent_statements_covered_display": "100"}, "missing_lines": [], "excluded_lines": [], "start_line": 730}, "ContractDriftReports": {"executed_lines": [754, 762, 763], "summary": {"covered_lines": 3, "num_statements": 3, "percent_covered": 100.0, "percent_covered_display": "100", "missing_lines": 0, "excluded_lines": 0, "percent_statements_covered": 100.0, "percent_statements_covered_display": "100"}, "missing_lines": [], "excluded_lines": [], "start_line": 741}, "ToolProvenanceRecord": {"executed_lines": [], "summary": {"covered_lines": 0, "num_statements": 0, "percent_covered": 100.0, "percent_covered_display": "100", "missing_lines": 0, "excluded_lines": 0, "percent_statements_covered": 100.0, "percent_statements_covered_display": "100"}, "missing_lines": [], "excluded_lines": [], "start_line": 771}, "ToolProvenanceTrustLedger": {"executed_lines": [797, 798, 808, 809, 813, 814, 815, 816], "summary": {"covered_lines": 8, "num_statements": 8, "percent_covered": 100.0, "percent_covered_display": "100", "missing_lines": 0, "excluded_lines": 0, "percent_statements_covered": 100.0, "percent_statements_covered_display": "100"}, "missing_lines": [], "excluded_lines": [], "start_line": 784}, "UnsafeCapabilityException": {"executed_lines": [], "summary": {"covered_lines": 0, "num_statements": 0, "percent_covered": 100.0, "percent_covered_display": "100", "missing_lines": 0, "excluded_lines": 0, "percent_statements_covered": 100.0, "percent_statements_covered_display": "100"}, "missing_lines": [], "excluded_lines": [], "start_line": 820}, "UnsafeCapabilityExceptionRecords": {"executed_lines": [848, 858, 859, 863, 864], "summary": {"covered_lines": 5, "num_statements": 5, "percent_covered": 100.0, "percent_covered_display": "100", "missing_lines": 0, "excluded_lines": 0, "percent_statements_covered": 100.0, "percent_statements_covered_display": "100"}, "missing_lines": [], "excluded_lines": [], "start_line": 834}, "ConsigliereInteraction": {"executed_lines": [], "summary": {"covered_lines": 0, "num_statements": 0, "percent_covered": 100.0, "percent_covered_display": "100", "missing_lines": 0, "excluded_lines": 0, "percent_statements_covered": 100.0, "percent_statements_covered_display": "100"}, "missing_lines": [], "excluded_lines": [], "start_line": 875}, "ConsigliereInteractionLogs": {"executed_lines": [899, 907, 908], "summary": {"covered_lines": 3, "num_statements": 3, "percent_covered": 100.0, "percent_covered_display": "100", "missing_lines": 0, "excluded_lines": 0, "percent_statements_covered": 100.0, "percent_statements_covered_display": "100"}, "missing_lines": [], "excluded_lines": [], "start_line": 886}, "SecurityDecision": {"executed_lines": [], "summary": {"covered_lines": 0, "num_statements": 0, "percent_covered": 100.0, "percent_covered_display": "100", "missing_lines": 0, "excluded_lines": 0, "percent_statements_covered": 100.0, "percent_statements_covered_display": "100"}, "missing_lines": [], "excluded_lines": [], "start_line": 912}, "SecurityDecisionDossiers": {"executed_lines": [938, 947, 948], "summary": {"covered_lines": 3, "num_statements": 3, "percent_covered": 100.0, "percent_covered_display": "100", "missing_lines": 0, "excluded_lines": 0, "percent_statements_covered": 100.0, "percent_statements_covered_display": "100"}, "missing_lines": [], "excluded_lines": [], "start_line": 924}, "Override": {"executed_lines": [], "summary": {"covered_lines": 0, "num_statements": 0, "percent_covered": 100.0, "percent_covered_display": "100", "missing_lines": 0, "excluded_lines": 0, "percent_statements_covered": 100.0, "percent_statements_covered_display": "100"}, "missing_lines": [], "excluded_lines": [], "start_line": 952}, "OverrideCostLedger": {"executed_lines": [977, 986, 987], "summary": {"covered_lines": 3, "num_statements": 3, "percent_covered": 100.0, "percent_covered_display": "100", "missing_lines": 0, "excluded_lines": 0, "percent_statements_covered": 100.0, "percent_statements_covered_display": "100"}, "missing_lines": [], "excluded_lines": [], "start_line": 964}, "ConstitutionalAmendment": {"executed_lines": [], "summary": {"covered_lines": 0, "num_statements": 0, "percent_covered": 100.0, "percent_covered_display": "100", "missing_lines": 0, "excluded_lines": 0, "percent_statements_covered": 100.0, "percent_statements_covered_display": "100"}, "missing_lines": [], "excluded_lines": [], "start_line": 995}, "ConstitutionalAmendmentRegistry": {"executed_lines": [1021, 1030, 1031], "summary": {"covered_lines": 3, "num_statements": 3, "percent_covered": 100.0, "percent_covered_display": "100", "missing_lines": 0, "excluded_lines": 0, "percent_statements_covered": 100.0, "percent_statements_covered_display": "100"}, "missing_lines": [], "excluded_lines": [], "start_line": 1007}, "RejectedProposal": {"executed_lines": [], "summary": {"covered_lines": 0, "num_statements": 0, "percent_covered": 100.0, "percent_covered_display": "100", "missing_lines": 0, "excluded_lines": 0, "percent_statements_covered": 100.0, "percent_statements_covered_display": "100"}, "missing_lines": [], "excluded_lines": [], "start_line": 1035}, "DormantRejectedProposalArchive": {"executed_lines": [1058, 1065, 1066], "summary": {"covered_lines": 3, "num_statements": 3, "percent_covered": 100.0, "percent_covered_display": "100", "missing_lines": 0, "excluded_lines": 0, "percent_statements_covered": 100.0, "percent_statements_covered_display": "100"}, "missing_lines": [], "excluded_lines": [], "start_line": 1045}, "IndependentAuditInterface": {"executed_lines": [1087, 1093, 1094, 1100], "summary": {"covered_lines": 4, "num_statements": 4, "percent_covered": 100.0, "percent_covered_display": "100", "missing_lines": 0, "excluded_lines": 0, "percent_statements_covered": 100.0, "percent_statements_covered_display": "100"}, "missing_lines": [], "excluded_lines": [], "start_line": 1074}, "ComplianceReport": {"executed_lines": [], "summary": {"covered_lines": 0, "num_statements": 0, "percent_covered": 100.0, "percent_covered_display": "100", "missing_lines": 0, "excluded_lines": 0, "percent_statements_covered": 100.0, "percent_statements_covered_display": "100"}, "missing_lines": [], "excluded_lines": [], "start_line": 1104}, "ComplianceCertificationReports": {"executed_lines": [1128, 1136, 1137], "summary": {"covered_lines": 3, "num_statements": 3, "percent_covered": 100.0, "percent_covered_display": "100", "missing_lines": 0, "excluded_lines": 0, "percent_statements_covered": 100.0, "percent_statements_covered_display": "100"}, "missing_lines": [], "excluded_lines": [], "start_line": 1115}, "CivilizationFreezeProtocol": {"executed_lines": [1162, 1163, 1165, 1166, 1167, 1168, 1169, 1170, 1172, 1177, 1178, 1179, 1180, 1181], "summary": {"covered_lines": 14, "num_statements": 14, "percent_covered": 100.0, "percent_covered_display": "100", "missing_lines": 0, "excluded_lines": 0, "percent_statements_covered": 100.0, "percent_statements_covered_display": "100"}, "missing_lines": [], "excluded_lines": [], "start_line": 1145}, "CivilizationShutdownSuccession": {"executed_lines": [1202, 1203, 1204, 1206, 1207, 1208, 1209, 1210, 1212], "summary": {"covered_lines": 9, "num_statements": 9, "percent_covered": 100.0, "percent_covered_display": "100", "missing_lines": 0, "excluded_lines": 0, "percent_statements_covered": 100.0, "percent_statements_covered_display": "100"}, "missing_lines": [], "excluded_lines": [], "start_line": 1185}, "SuccessFailureMetricsCanon": {"executed_lines": [1241, 1245, 1249], "summary": {"covered_lines": 3, "num_statements": 3, "percent_covered": 100.0, "percent_covered_display": "100", "missing_lines": 0, "excluded_lines": 0, "percent_statements_covered": 100.0, "percent_statements_covered_display": "100"}, "missing_lines": [], "excluded_lines": [], "start_line": 1220}, "NonDesignCanonicalBundle": {"executed_lines": [1326, 1329, 1359, 1360, 1361, 1363, 1367, 1434], "summary": {"covered_lines": 8, "num_statements": 8, "percent_covered": 100.0, "percent_covered_display": "100", "missing_lines": 0, "excluded_lines": 0, "percent_statements_covered": 100.0, "percent_statements_covered_display": "100"}, "missing_lines": [], "excluded_lines": [], "start_line": 1257}, "": {"executed_lines": [18, 19, 20, 21, 22, 29, 30, 38, 39, 40, 41, 42, 43, 44, 45, 46, 47, 48, 50, 79, 85, 86, 88, 89, 90, 91, 92, 93, 94, 95, 96, 97, 100, 101, 108, 109, 110, 111, 113, 128, 140, 148, 153, 154, 156, 157, 158, 159, 160, 161, 164, 165, 173, 174, 175, 176, 177, 178, 179, 181, 200, 225, 226, 228, 229, 230, 231, 232, 233, 234, 235, 236, 239, 240, 247, 248, 249, 251, 269, 274, 275, 277, 278, 279, 280, 281, 282, 283, 284, 287, 288, 295, 296, 297, 299, 323, 332, 333, 335, 336, 337, 338, 339, 340, 341, 342, 345, 346, 353, 354, 356, 378, 379, 381, 382, 383, 384, 385, 386, 389, 390, 397, 398, 399, 401, 405, 417, 418, 420, 421, 422, 423, 424, 425, 428, 429, 436, 437, 438, 440, 454, 462, 463, 465, 466, 467, 468, 469, 470, 471, 474, 475, 482, 483, 485, 489, 508, 509, 516, 517, 518, 519, 520, 522, 529, 530, 532, 533, 534, 535, 536, 537, 540, 541, 548, 549, 551, 574, 580, 581, 583, 584, 585, 586, 587, 588, 589, 590, 591, 592, 595, 596, 603, 604, 606, 642, 643, 645, 646, 647, 648, 649, 650, 653, 654, 661, 662, 664, 668, 676, 677, 679, 680, 681, 682, 683, 684, 685, 686, 687, 688, 691, 692, 699, 700, 702, 721, 729, 730, 732, 733, 734, 735, 736, 737, 740, 741, 748, 749, 751, 770, 771, 773, 774, 775, 776, 777, 778, 779, 780, 783, 784, 791, 792, 794, 811, 819, 820, 822, 823, 824, 825, 826, 827, 828, 829, 830, 833, 834, 841, 842, 844, 861, 874, 875, 877, 878, 879, 880, 881, 882, 885, 886, 893, 894, 896, 911, 912, 914, 915, 916, 917, 918, 919, 920, 923, 924, 931, 932, 934, 951, 952, 954, 955, 956, 957, 958, 959, 960, 963, 964, 971, 972, 974, 994, 995, 997, 998, 999, 1000, 1001, 1002, 1003, 1006, 1007, 1014, 1015, 1017, 1034, 1035, 1037, 1038, 1039, 1040, 1041, 1044, 1045, 1052, 1053, 1055, 1073, 1074, 1081, 1082, 1083, 1085, 1096, 1103, 1104, 1106, 1107, 1108, 1109, 1110, 1111, 1114, 1115, 1122, 1123, 1125, 1144, 1145, 1152, 1153, 1154, 1155, 1156, 1157, 1158, 1160, 1174, 1184, 1185, 1192, 1193, 1194, 1195, 1196, 1197, 1199, 1219, 1220, 1227, 1228, 1231, 1232, 1233, 1236, 1238, 1243, 1247, 1256, 1257, 1271, 1272, 1273, 1276, 1277, 1278, 1281, 1282, 1283, 1286, 1287, 1288, 1291, 1292, 1293, 1296, 1297, 1298, 1301, 1302, 1305, 1306, 1307, 1310, 1311, 1314, 1315, 1318, 1319, 1322, 1324, 1365, 1437, 1439, 1442, 1461, 1468, 1479, 1485, 1491, 1497, 1503, 1509, 1515, 1523, 1528, 1534, 1539, 1544, 1550, 1555, 1561, 1566, 1571, 1577, 1582, 1588, 1594, 1600, 1610, 1620, 1646, 1679, 1683, 1686, 1689, 1690, 1691], "summary": {"covered_lines": 461, "num_statements": 461, "percent_covered": 100.0, "percent_covered_display": "100", "missing_lines": 0, "excluded_lines": 0, "percent_statements_covered": 100.0, "percent_statements_covered_display": "100"}, "missing_lines": [], "excluded_lines": [], "start_line": 1}}}, "src/core/code_civilization.py": {"executed_lines": [7, 8, 9, 12, 29, 31, 41, 42, 49, 50, 51, 54, 56, 57, 62, 63, 66, 67, 70, 71, 72, 73, 75, 78, 83, 84, 85, 86, 87, 88, 89, 90, 91, 92, 95, 96, 108, 109, 110, 112, 114, 116, 118, 120, 121, 128, 138, 139, 140, 141, 142, 143, 146, 148, 149, 150, 153, 155, 156, 157, 158, 159, 162, 163, 171, 172, 173, 174, 175, 176, 178, 179, 188, 190, 194, 204, 212, 215, 221, 222, 223, 224, 225, 226, 229, 230, 234, 235, 236, 238, 239, 246, 247, 257, 258, 260, 261, 267, 268, 279, 280, 281, 283, 284, 291, 292, 302, 303, 304, 305, 307, 308, 316, 317, 328, 329, 330, 331, 333, 335, 341, 343, 344, 346, 347, 355, 356, 366, 367, 368, 369, 370, 372, 378, 379, 381, 382, 384, 385, 387, 388, 390, 391, 392, 393, 394, 395, 396, 398, 400, 402, 405, 407, 408, 417, 433, 434, 435, 438, 458, 459, 460, 461, 462, 465, 467, 469, 478, 479, 480, 482, 489, 495, 496, 499, 502, 504, 506, 517, 518, 519, 522, 523, 524, 527, 528, 529, 532, 535, 536, 537, 540, 541, 542, 545, 548, 556, 557, 559, 569, 572, 573, 574, 575, 576, 577, 579, 582, 583, 584, 585, 586, 587, 588, 589, 590, 591, 592, 593, 596, 597, 598, 605, 606, 613, 615, 620, 634, 635, 638, 639, 640, 641, 642, 643, 644, 645, 646, 649, 650, 651, 652, 654, 659, 661, 664, 665, 668, 670, 672, 673, 674, 675, 676, 677, 678, 679, 680, 681, 682, 683, 684, 685, 686, 687, 688, 689, 690, 693, 694, 695, 696, 697, 698, 699, 700, 701, 703, 705, 706, 707, 708, 709, 710, 711, 712, 713, 714, 715, 716, 718, 720, 721, 722, 723, 724, 725, 726, 727, 728, 729, 730, 731, 732, 733, 734, 735, 736, 737, 738, 739, 740, 741, 742, 743, 744, 745, 746, 748, 750, 751, 752, 753, 754, 755, 756, 757, 761, 762, 763, 764, 765, 767, 769, 771, 773, 774, 775, 776, 777, 778, 779, 780, 781, 782, 783, 784, 785, 787, 788, 789, 790, 791, 793, 795, 797, 799, 800, 801, 802, 803, 804, 806, 807, 808, 809, 811, 813, 815, 816, 817, 818, 820, 821, 822, 823, 824, 825, 827, 829, 830, 831, 832, 833, 835, 846, 847, 848, 851, 852, 853, 856, 857, 860, 861, 862, 865, 866, 867, 870, 871, 872, 875, 877, 879, 880, 883, 885, 886, 888, 890, 891, 894, 895, 896, 897, 900, 901, 904, 906, 912, 923, 924, 925, 928, 929, 930, 933, 934, 936, 937, 938, 939, 940, 941, 942, 943, 944, 945, 946, 947, 948, 949, 952, 953, 954, 955, 956, 957, 958, 961, 962, 963, 964, 965, 966, 967, 968, 971, 972, 973, 974, 975, 976, 977, 978, 980, 982, 984, 985, 987, 988, 989, 990, 991, 992, 993, 994, 996, 997, 998, 999, 1000, 1001, 1002, 1006, 1007, 1008, 1009, 1010, 1012, 1016, 1017, 1020, 1021, 1023, 1027, 1029, 1036, 1043, 1048, 1049, 1053, 1056, 1058], "summary": {"covered_lines": 505, "num_statements": 505, "percent_covered": 100.0, "percent_covered_display": "100", "missing_lines": 0, "excluded_lines": 0, "percent_statements_covered": 100.0, "percent_statements_covered_display": "100"}, "missing_lines": [], "excluded_lines": [], "functions": {"PurposeConstitution.is_action_legal": {"executed_lines": [49, 50, 51, 54], "summary": {"covered_lines": 4, "num_statements": 4, "percent_covered": 100.0, "percent_covered_display": "100", "missing_lines": 0, "excluded_lines": 0, "percent_statements_covered": 100.0, "percent_statements_covered_display": "100"}, "missing_lines": [], "excluded_lines": [], "start_line": 42}, "PurposeConstitution.validate_purpose_compliance": {"executed_lines": [62, 63, 66, 67, 70, 71, 72, 73, 75], "summary": {"covered_lines": 9, "num_statements": 9, "percent_covered": 100.0, "percent_covered_display": "100", "missing_lines": 0, "excluded_lines": 0, "percent_statements_covered": 100.0, "percent_statements_covered_display": "100"}, "missing_lines": [], "excluded_lines": [], "start_line": 57}, "LanguageFloor.can_author": {"executed_lines": [114], "summary": {"covered_lines": 1, "num_statements": 1, "percent_covered": 100.0, "percent_covered_display": "100", "missing_lines": 0, "excluded_lines": 0, "percent_statements_covered": 100.0, "percent_statements_covered_display": "100"}, "missing_lines": [], "excluded_lines": [], "start_line": 112}, "LanguageFloor.can_interpret": {"executed_lines": [118], "summary": {"covered_lines": 1, "num_statements": 1, "percent_covered": 100.0, "percent_covered_display": "100", "missing_lines": 0, "excluded_lines": 0, "percent_statements_covered": 100.0, "percent_statements_covered_display": "100"}, "missing_lines": [], "excluded_lines": [], "start_line": 116}, "LanguageFloor.to_dict": {"executed_lines": [121], "summary": {"covered_lines": 1, "num_statements": 1, "percent_covered": 100.0, "percent_covered_display": "100", "missing_lines": 0, "excluded_lines": 0, "percent_statements_covered": 100.0, "percent_statements_covered_display": "100"}, "missing_lines": [], "excluded_lines": [], "start_line": 120}, "CodeDirective.to_dict": {"executed_lines": [179], "summary": {"covered_lines": 1, "num_statements": 1, "percent_covered": 100.0, "percent_covered_display": "100", "missing_lines": 0, "excluded_lines": 0, "percent_statements_covered": 100.0, "percent_statements_covered_display": "100"}, "missing_lines": [], "excluded_lines": [], "start_line": 178}, "CodeDirective.to_cognitive_contract": {"executed_lines": [190, 194, 204, 212], "summary": {"covered_lines": 4, "num_statements": 4, "percent_covered": 100.0, "percent_covered_display": "100", "missing_lines": 0, "excluded_lines": 0, "percent_statements_covered": 100.0, "percent_statements_covered_display": "100"}, "missing_lines": [], "excluded_lines": [], "start_line": 188}, "ArchitecturalDecision.to_dict": {"executed_lines": [239], "summary": {"covered_lines": 1, "num_statements": 1, "percent_covered": 100.0, "percent_covered_display": "100", "missing_lines": 0, "excluded_lines": 0, "percent_statements_covered": 100.0, "percent_statements_covered_display": "100"}, "missing_lines": [], "excluded_lines": [], "start_line": 238}, "ImplementationOutput.to_dict": {"executed_lines": [261], "summary": {"covered_lines": 1, "num_statements": 1, "percent_covered": 100.0, "percent_covered_display": "100", "missing_lines": 0, "excluded_lines": 0, "percent_statements_covered": 100.0, "percent_statements_covered_display": "100"}, "missing_lines": [], "excluded_lines": [], "start_line": 260}, "ReviewDecision.to_dict": {"executed_lines": [284], "summary": {"covered_lines": 1, "num_statements": 1, "percent_covered": 100.0, "percent_covered_display": "100", "missing_lines": 0, "excluded_lines": 0, "percent_statements_covered": 100.0, "percent_statements_covered_display": "100"}, "missing_lines": [], "excluded_lines": [], "start_line": 283}, "TestSuite.to_dict": {"executed_lines": [308], "summary": {"covered_lines": 1, "num_statements": 1, "percent_covered": 100.0, "percent_covered_display": "100", "missing_lines": 0, "excluded_lines": 0, "percent_statements_covered": 100.0, "percent_statements_covered_display": "100"}, "missing_lines": [], "excluded_lines": [], "start_line": 307}, "ManagerSeal.is_ready_for_delivery": {"executed_lines": [335], "summary": {"covered_lines": 1, "num_statements": 1, "percent_covered": 100.0, "percent_covered_display": "100", "missing_lines": 0, "excluded_lines":
[...]
nt_covered_display": "100", "missing_lines": 0, "excluded_lines": 0, "percent_statements_covered": 100.0, "percent_statements_covered_display": "100"}, "missing_lines": [], "excluded_lines": [], "start_line": 1391}, "run_server": {"executed_lines": [], "summary": {"covered_lines": 0, "num_statements": 4, "percent_covered": 0.0, "percent_covered_display": "0", "missing_lines": 4, "excluded_lines": 0, "percent_statements_covered": 0.0, "percent_statements_covered_display": "0"}, "missing_lines": [1412, 1414, 1415, 1417], "excluded_lines": [], "start_line": 1409}, "": {"executed_lines": [5, 6, 7, 8, 9, 11, 12, 13, 14, 15, 16, 17, 18, 19, 20, 21, 22, 23, 24, 27, 29, 32, 33, 34, 35, 37, 40, 43, 44, 47, 48, 52, 55, 58, 150, 151, 156, 157, 175, 176, 220, 221, 267, 268, 279, 280, 297, 298, 312, 313, 325, 326, 349, 350, 371, 372, 407, 408, 431, 432, 446, 447, 467, 468, 500, 501, 514, 515, 521, 522, 559, 560, 580, 581, 603, 604, 628, 629, 653, 654, 678, 679, 701, 702, 738, 739, 745, 746, 772, 773, 795, 796, 823, 824, 856, 857, 881, 882, 888, 889, 895, 896, 905, 906, 914, 915, 927, 928, 933, 934, 942, 943, 961, 962, 980, 981, 997, 998, 1016, 1017, 1041, 1042, 1057, 1058, 1080, 1081, 1096, 1097, 1113, 1114, 1128, 1129, 1144, 1145, 1159, 1160, 1174, 1175, 1189, 1190, 1205, 1206, 1220, 1221, 1235, 1236, 1251, 1252, 1266, 1267, 1281, 1282, 1296, 1297, 1311, 1312, 1326, 1327, 1342, 1343, 1357, 1358, 1374, 1375, 1390, 1391, 1409, 1422, 1427], "summary": {"covered_lines": 169, "num_statements": 172, "percent_covered": 98.25581395348837, "percent_covered_display": "98", "missing_lines": 3, "excluded_lines": 0, "percent_statements_covered": 98.25581395348837, "percent_statements_covered_display": "98"}, "missing_lines": [1423, 1424, 1428], "excluded_lines": [], "start_line": 1}}, "classes": {"": {"executed_lines": [5, 6, 7, 8, 9, 11, 12, 13, 14, 15, 16, 17, 18, 19, 20, 21, 22, 23, 24, 27, 29, 32, 33, 34, 35, 37, 40, 43, 44, 47, 48, 49, 52, 55, 58, 63, 66, 67, 70, 71, 72, 73, 76, 77, 80, 81, 82, 88, 90, 101, 103, 114, 117, 124, 125, 126, 127, 130, 131, 133, 134, 135, 138, 144, 145, 147, 150, 151, 153, 156, 157, 159, 160, 167, 175, 176, 178, 179, 181, 182, 183, 186, 187, 188, 189, 191, 192, 193, 195, 196, 197, 198, 199, 202, 203, 204, 205, 208, 213, 214, 215, 217, 220, 221, 223, 267, 268, 273, 274, 276, 279, 280, 285, 286, 288, 290, 297, 298, 300, 301, 303, 304, 307, 309, 312, 313, 315, 316, 318, 320, 325, 326, 331, 332, 334, 335, 337, 349, 350, 352, 353, 354, 356, 371, 372, 377, 378, 380, 381, 407, 408, 410, 411, 413, 414, 416, 431, 432, 434, 436, 446, 447, 449, 451, 467, 468, 470, 473, 474, 475, 476, 479, 480, 481, 482, 483, 484, 485, 488, 491, 493, 500, 501, 503, 505, 514, 515, 517, 518, 521, 522, 533, 534, 536, 537, 538, 539, 541, 542, 543, 544, 545, 546, 547, 548, 549, 550, 551, 552, 554, 556, 559, 560, 568, 569, 571, 572, 574, 575, 577, 580, 581, 590, 591, 592, 594, 595, 597, 598, 600, 603, 604, 614, 615, 616, 617, 619, 620, 622, 623, 625, 628, 629, 639, 640, 641, 642, 644, 645, 647, 648, 650, 653, 654, 664, 665, 666, 667, 669, 670, 672, 673, 675, 678, 679, 688, 689, 690, 692, 693, 695, 696, 698, 701, 702, 711, 712, 714, 715, 717, 720, 721, 727, 733, 738, 739, 741, 742, 745, 746, 757, 758, 759, 760, 761, 763, 764, 766, 767, 769, 772, 773, 782, 783, 784, 786, 787, 789, 790, 792, 795, 796, 806, 807, 808, 809, 811, 813, 814, 815, 816, 818, 820, 823, 824, 834, 835, 836, 837, 839, 840, 842, 843, 845, 846, 847, 848, 849, 851, 853, 856, 857, 867, 868, 869, 870, 872, 873, 875, 876, 878, 881, 882, 884, 885, 888, 889, 891, 892, 895, 896, 898, 899, 900, 905, 906, 908, 909, 914, 915, 917, 918, 919, 920, 921, 922, 927, 928, 930, 933, 934, 936, 937, 942, 943, 945, 946, 947, 949, 957, 958, 961, 962, 964, 965, 966, 968, 976, 977, 980, 981, 983, 984, 985, 987, 993, 994, 997, 998, 1000, 1001, 1002, 1004, 1012, 1013, 1016, 1017, 1019, 1020, 1021, 1023, 1037, 1038, 1041, 1042, 1044, 1045, 1046, 1048, 1053, 1054, 1057, 1058, 1060, 1061, 1062, 1064, 1076, 1077, 1080, 1081, 1083, 1084, 1085, 1087, 1092, 1093, 1096, 1097, 1099, 1100, 1101, 1103, 1109, 1110, 1113, 1114, 1116, 1117, 1118, 1120, 1124, 1125, 1128, 1129, 1131, 1132, 1133, 1135, 1140, 1141, 1144, 1145, 1147, 1148, 1149, 1151, 1155, 1156, 1159, 1160, 1162, 1163, 1164, 1166, 1170, 1171, 1174, 1175, 1177, 1178, 1179, 1181, 1185, 1186, 1189, 1190, 1192, 1193, 1194, 1196, 1201, 1202, 1205, 1206, 1208, 1209, 1210, 1212, 1216, 1217, 1220, 1221, 1223, 1224, 1225, 1227, 1231, 1232, 1235, 1236, 1238, 1239, 1240, 1242, 1247, 1248, 1251, 1252, 1254, 1255, 1256, 1258, 1262, 1263, 1266, 1267, 1269, 1270, 1271, 1273, 1277, 1278, 1281, 1282, 1284, 1285, 1286, 1288, 1292, 1293, 1296, 1297, 1299, 1300, 1301, 1303, 1307, 1308, 1311, 1312, 1314, 1315, 1316, 1318, 1322, 1323, 1326, 1327, 1329, 1330, 1331, 1333, 1338, 1339, 1342, 1343, 1345, 1346, 1347, 1349, 1353, 1354, 1357, 1358, 1360, 1361, 1362, 1364, 1370, 1371, 1374, 1375, 1377, 1378, 1379, 1381, 1386, 1387, 1390, 1391, 1393, 1394, 1395, 1397, 1405, 1406, 1409, 1422, 1427], "summary": {"covered_lines": 610, "num_statements": 618, "percent_covered": 98.70550161812298, "percent_covered_display": "99", "missing_lines": 8, "excluded_lines": 0, "percent_statements_covered": 98.70550161812298, "percent_statements_covered_display": "99"}, "missing_lines": [383, 1412, 1414, 1415, 1417, 1423, 1424, 1428], "excluded_lines": [], "start_line": 1}}}, "src/server/security.py": {"executed_lines": [4, 5, 6, 7, 10, 12, 13, 14, 15, 16, 21, 22, 23, 26, 32, 33, 34, 35, 36, 37, 41, 42, 43, 46, 48, 49, 50, 51, 52, 53, 54, 65, 67, 69, 70, 71, 73, 75, 76, 77, 78, 79, 80, 82, 83, 84, 85, 87, 90, 92, 93, 96, 100, 101, 102, 104], "summary": {"covered_lines": 56, "num_statements": 56, "percent_covered": 100.0, "percent_covered_display": "100", "missing_lines": 0, "excluded_lines": 0, "percent_statements_covered": 100.0, "percent_statements_covered_display": "100"}, "missing_lines": [], "excluded_lines": [], "functions": {"add_security_headers": {"executed_lines": [12, 13, 14, 15, 16, 21, 22, 23], "summary": {"covered_lines": 8, "num_statements": 8, "percent_covered": 100.0, "percent_covered_display": "100", "missing_lines": 0, "excluded_lines": 0, "percent_statements_covered": 100.0, "percent_statements_covered_display": "100"}, "missing_lines": [], "excluded_lines": [], "start_line": 10}, "validate_request_size": {"executed_lines": [32, 33, 43], "summary": {"covered_lines": 3, "num_statements": 3, "percent_covered": 100.0, "percent_covered_display": "100", "missing_lines": 0, "excluded_lines": 0, "percent_statements_covered": 100.0, "percent_statements_covered_display": "100"}, "missing_lines": [], "excluded_lines": [], "start_line": 26}, "validate_request_size.decorator": {"executed_lines": [34, 42], "summary": {"covered_lines": 2, "num_statements": 2, "percent_covered": 100.0, "percent_covered_display": "100", "missing_lines": 0, "excluded_lines": 0, "percent_statements_covered": 100.0, "percent_statements_covered_display": "100"}, "missing_lines": [], "excluded_lines": [], "start_line": 32}, "validate_request_size.decorator.wrapper": {"executed_lines": [35, 36, 37, 41], "summary": {"covered_lines": 4, "num_statements": 4, "percent_covered": 100.0, "percent_covered_display": "100", "missing_lines": 0, "excluded_lines": 0, "percent_statements_covered": 100.0, "percent_statements_covered_display": "100"}, "missing_lines": [], "excluded_lines": [], "start_line": 34}, "validate_json_request": {"executed_lines": [48, 49, 54], "summary": {"covered_lines": 3, "num_statements": 3, "percent_covered": 100.0, "percent_covered_display": "100", "missing_lines": 0, "excluded_lines": 0, "percent_statements_covered": 100.0, "percent_statements_covered_display": "100"}, "missing_lines": [], "excluded_lines": [], "start_line": 46}, "validate_json_request.wrapper": {"executed_lines": [50, 51, 52, 53], "summary": {"covered_lines": 4, "num_statements": 4, "percent_covered": 100.0, "percent_covered_display": "100", "missing_lines": 0, "excluded_lines": 0, "percent_statements_covered": 100.0, "percent_statements_covered_display": "100"}, "missing_lines": [], "excluded_lines": [], "start_line": 49}, "configure_cors": {"executed_lines": [67, 69, 70, 71, 73, 75, 76, 87], "summary": {"covered_lines": 8, "num_statements": 8, "percent_covered": 100.0, "percent_covered_display": "100", "missing_lines": 0, "excluded_lines": 0, "percent_statements_covered": 100.0, "percent_statements_covered_display": "100"}, "missing_lines": [], "excluded_lines": [], "start_line": 65}, "configure_cors.apply_cors": {"executed_lines": [77, 78, 79, 80, 82, 83, 84, 85], "summary": {"covered_lines": 8, "num_statements": 8, "percent_covered": 100.0, "percent_covered_display": "100", "missing_lines": 0, "excluded_lines": 0, "percent_statements_covered": 100.0, "percent_statements_covered_display": "100"}, "missing_lines": [], "excluded_lines": [], "start_line": 76}, "sanitize_input": {"executed_lines": [92, 93, 96, 100, 101, 102, 104], "summary": {"covered_lines": 7, "num_statements": 7, "percent_covered": 100.0, "percent_covered_display": "100", "missing_lines": 0, "excluded_lines": 0, "percent_statements_covered": 100.0, "percent_statements_covered_display": "100"}, "missing_lines": [], "excluded_lines": [], "start_line": 90}, "": {"executed_lines": [4, 5, 6, 7, 10, 26, 46, 65, 90], "summary": {"covered_lines": 9, "num_statements": 9, "percent_covered": 100.0, "percent_covered_display": "100", "missing_lines": 0, "excluded_lines": 0, "percent_statements_covered": 100.0, "percent_statements_covered_display": "100"}, "missing_lines": [], "excluded_lines": [], "start_line": 1}}, "classes": {"": {"executed_lines": [4, 5, 6, 7, 10, 12, 13, 14, 15, 16, 21, 22, 23, 26, 32, 33, 34, 35, 36, 37, 41, 42, 43, 46, 48, 49, 50, 51, 52, 53, 54, 65, 67, 69, 70, 71, 73, 75, 76, 77, 78, 79, 80, 82, 83, 84, 85, 87, 90, 92, 93, 96, 100, 101, 102, 104], "summary": {"covered_lines": 56, "num_statements": 56, "percent_covered": 100.0, "percent_covered_display": "100", "missing_lines": 0, "excluded_lines": 0, "percent_statements_covered": 100.0, "percent_statements_covered_display": "100"}, "missing_lines": [], "excluded_lines": [], "start_line": 1}}}, "src/tools/__init__.py": {"executed_lines": [], "summary": {"covered_lines": 0, "num_statements": 0, "percent_covered": 100.0, "percent_covered_display": "100", "missing_lines": 0, "excluded_lines": 0, "percent_statements_covered": 100.0, "percent_statements_covered_display": "100"}, "missing_lines": [], "excluded_lines": [], "functions": {"": {"executed_lines": [], "summary": {"covered_lines": 0, "num_statements": 0, "percent_covered": 100.0, "percent_covered_display": "100", "missing_lines": 0, "excluded_lines": 0, "percent_statements_covered": 100.0, "percent_statements_covered_display": "100"}, "missing_lines": [], "excluded_lines": [], "start_line": 1}}, "classes": {"": {"executed_lines": [], "summary": {"covered_lines": 0, "num_statements": 0, "percent_covered": 100.0, "percent_covered_display": "100", "missing_lines": 0, "excluded_lines": 0, "percent_statements_covered": 100.0, "percent_statements_covered_display": "100"}, "missing_lines": [], "excluded_lines": [], "start_line": 1}}}, "src/tools/supply_store.py": {"executed_lines": [5, 6, 7, 8, 9, 11, 12, 15, 17, 18, 19, 20, 21, 22, 23, 24, 27, 28, 33, 34, 35, 36, 37, 38, 40, 41, 51, 56, 62, 63, 64, 65, 66, 69, 72, 81, 82, 83, 88, 91, 92, 94, 95, 96, 97, 98, 99, 101, 102, 112, 118, 119, 120, 122, 124, 126, 135, 146, 147, 148, 150, 151, 154, 155, 158, 159, 160, 163, 169, 170, 171, 172, 175, 178, 188, 190, 192, 193, 194, 196, 197, 198, 200, 201, 202, 204, 211, 213, 215, 217, 219, 221, 223, 228, 230, 237, 240, 242], "summary": {"covered_lines": 98, "num_statements": 98, "percent_covered": 100.0, "percent_covered_display": "100", "missing_lines": 0, "excluded_lines": 0, "percent_statements_covered": 100.0, "percent_statements_covered_display": "100"}, "missing_lines": [], "excluded_lines": [], "functions": {"ToolMetadata.to_dict": {"executed_lines": [41], "summary": {"covered_lines": 1, "num_statements": 1, "percent_covered": 100.0, "percent_covered_display": "100", "missing_lines": 0, "excluded_lines": 0, "percent_statements_covered": 100.0, "percent_statements_covered_display": "100"}, "missing_lines": [], "excluded_lines": [], "start_line": 40}, "Tool.__init__": {"executed_lines": [62, 63, 64, 65, 66, 69, 72], "summary": {"covered_lines": 7, "num_statements": 7, "percent_covered": 100.0, "percent_covered_display": "100", "missing_lines": 0, "excluded_lines": 0, "percent_statements_covered": 100.0, "percent_statements_covered_display": "100"}, "missing_lines": [], "excluded_lines": [], "start_line": 56}, "Tool.to_dict": {"executed_lines": [82, 83, 88], "summary": {"covered_lines": 3, "num_statements": 3, "percent_covered": 100.0, "percent_covered_display": "100", "missing_lines": 0, "excluded_lines": 0, "percent_statements_covered": 100.0, "percent_statements_covered_display": "100"}, "missing_lines": [], "excluded_lines": [], "start_line": 81}, "CheckoutRecord.to_dict": {"executed_lines": [102], "summary": {"covered_lines": 1, "num_statements": 1, "percent_covered": 100.0, "percent_covered_display": "100", "missing_lines": 0, "excluded_lines": 0, "percent_statements_covered": 100.0, "percent_statements_covered_display": "100"}, "missing_lines": [], "excluded_lines": [], "start_line": 101}, "SupplyStore.__init__": {"executed_lines": [119, 120], "summary": {"covered_lines": 2, "num_statements": 2, "percent_covered": 100.0, "percent_covered_display": "100", "missing_lines": 0, "excluded_lines": 0, "percent_statements_covered": 100.0, "percent_statements_covered_display": "100"}, "missing_lines": [], "excluded_lines": [], "start_line": 118}, "SupplyStore.add_tool": {"executed_lines": [124, 126], "summary": {"covered_lines": 2, "num_statements": 2, "percent_covered": 100.0, "percent_covered_display": "100", "missing_lines": 0, "excluded_lines": 0, "percent_statements_covered": 100.0, "percent_statements_covered_display": "100"}, "missing_lines": [], "excluded_lines": [], "start_line": 122}, "SupplyStore.check_out_tool": {"executed_lines": [146, 147, 148, 150, 151, 154, 155, 158, 159, 160, 163, 169, 170, 171, 172, 175, 178, 188], "summary": {"covered_lines": 18, "num_statements": 18, "percent_covered": 100.0, "percent_covered_display": "100", "missing_lines": 0, "excluded_lines": 0, "percent_statements_covered": 100.0, "percent_statements_covered_display": "100"}, "missing_lines": [], "excluded_lines": [], "start_line": 135}, "SupplyStore.check_in_tool": {"executed_lines": [192, 193, 194, 196, 197, 198, 200, 201, 202, 204, 211], "summary": {"covered_lines": 11, "num_statements": 11, "percent_covered": 100.0, "percent_covered_display": "100", "missing_lines": 0, "excluded_lines": 0, "percent_statements_covered": 100.0, "percent_statements_covered_display": "100"}, "missing_lines": [], "excluded_lines": [], "start_line": 190}, "SupplyStore.get_available_tools": {"executed_lines": [215], "summary": {"covered_lines": 1, "num_statements": 1, "percent_covered": 100.0, "percent_covered_display": "100", "missing_lines": 0, "excluded_lines": 0, "percent_statements_covered": 100.0, "percent_statements_covered_display": "100"}, "missing_lines": [], "excluded_lines": [], "start_line": 213}, "SupplyStore.get_tools_by_tag": {"executed_lines": [219], "summary": {"covered_lines": 1, "num_statements": 1, "percent_covered": 100.0, "percent_covered_display": "100", "missing_lines": 0, "excluded_lines": 0, "percent_statements_covered": 100.0, "percent_statements_covered_display": "100"}, "missing_lines": [], "excluded_lines": [], "start_line": 217}, "SupplyStore.get_tools_by_capability": {"executed_lines": [223], "summary": {"covered_lines": 1, "num_statements": 1, "percent_covered": 100.0, "percent_covered_display": "100", "missing_lines": 0, "excluded_lines": 0, "percent_statements_covered": 100.0, "percent_statements_covered_display": "100"}, "missing_lines": [], "excluded_lines": [], "start_line": 221}, "SupplyStore.get_agent_checkouts": {"executed_lines": [230], "summary": {"covered_lines": 1, "num_statements": 1, "percent_covered": 100.0, "percent_covered_display": "100", "missing_lines": 0, "excluded_lines": 0, "percent_statements_covered": 100.0, "percent_statements_covered_display": "100"}, "missing_lines": [], "excluded_lines": [], "start_line": 228}, "get_supply_store": {"executed_lines": [242], "summary": {"covered_lines": 1, "num_statements": 1, "percent_covered": 100.0, "percent_covered_display": "100", "missing_lines": 0, "excluded_lines": 0, "percent_statements_covered": 100.0, "percent_statements_covered_display": "100"}, "missing_lines": [], "excluded_lines": [], "start_line": 240}, "": {"executed_lines": [5, 6, 7, 8, 9, 11, 12, 15, 17, 18, 19, 20, 21, 22, 23, 24, 27, 28, 33, 34, 35, 36, 37, 38, 40, 51, 56, 81, 91, 92, 94, 95, 96, 97, 98, 99, 101, 112, 118, 122, 135, 190, 213, 217, 221, 228, 237, 240], "summary": {"covered_lines": 48, "num_statements": 48, "percent_covered": 100.0, "percent_covered_display": "100", "missing_lines": 0, "excluded_lines": 0, "percent_statements_covered": 100.0, "percent_statements_covered_display": "100"}, "missing_lines": [], "excluded_lines": [], "start_line": 1}}, "classes": {"ToolTag": {"executed_lines": [], "summary": {"covered_lines": 0, "num_statements": 0, "percent_covered": 100.0, "percent_covered_display": "100", "missing_lines": 0, "excluded_lines": 0, "percent_statements_covered": 100.0, "percent_statements_covered_display": "100"}, "missing_lines": [], "excluded_lines": [], "start_line": 15}, "ToolMetadata": {"executed_lines": [41], "summary": {"covered_lines": 1, "num_statements": 1, "percent_covered": 100.0, "percent_covered_display": "100", "missing_lines": 0, "excluded_lines": 0, "percent_statements_covered": 100.0, "percent_statements_covered_display": "100"}, "missing_lines": [], "excluded_lines": [], "start_line": 28}, "Tool": {"executed_lines": [62, 63, 64, 65, 66, 69, 72, 82, 83, 88], "summary": {"covered_lines": 10, "num_statements": 10, "percent_covered": 100.0, "percent_covered_display": "100", "missing_lines": 0, "excluded_lines": 0, "percent_statements_covered": 100.0, "percent_statements_covered_display": "100"}, "missing_lines": [], "excluded_lines": [], "start_line": 51}, "CheckoutRecord": {"executed_lines": [102], "summary": {"covered_lines": 1, "num_statements": 1, "percent_covered": 100.0, "percent_covered_display": "100", "missing_lines": 0, "excluded_lines": 0, "percent_statements_covered": 100.0, "percent_statements_covered_display": "100"}, "missing_lines": [], "excluded_lines": [], "start_line": 92}, "SupplyStore": {"executed_lines": [119, 120, 124, 126, 146, 147, 148, 150, 151, 154, 155, 158, 159, 160, 163, 169, 170, 171, 172, 175, 178, 188, 192, 193, 194, 196, 197, 198, 200, 201, 202, 204, 211, 215, 219, 223, 230], "summary": {"covered_lines": 37, "num_statements": 37, "percent_covered": 100.0, "percent_covered_display": "100", "missing_lines": 0, "excluded_lines": 0, "percent_statements_covered": 100.0, "percent_statements_covered_display": "100"}, "missing_lines": [], "excluded_lines": [], "start_line": 112}, "": {"executed_lines": [5, 6, 7, 8, 9, 11, 12, 15, 17, 18, 19, 20, 21, 22, 23, 24, 27, 28, 33, 34, 35, 36, 37, 38, 40, 51, 56, 81, 91, 92, 94, 95, 96, 97, 98, 99, 101, 112, 118, 122, 135, 190, 213, 217, 221, 228, 237, 240, 242], "summary": {"covered_lines": 49, "num_statements": 49, "percent_covered": 100.0, "percent_covered_display": "100", "missing_lines": 0, "excluded_lines": 0, "percent_statements_covered": 100.0, "percent_statements_covered_display": "100"}, "missing_lines": [], "excluded_lines": [], "start_line": 1}}}}, "totals": {"covered_lines": 5458, "num_statements": 5466, "percent_covered": 99.85364068788877, "percent_covered_display": "99", "missing_lines": 8, "excluded_lines": 0, "percent_statements_covered": 99.85364068788877, "percent_statements_covered_display": "99"}}